[22-10-05 11:57:07] [INFO] [DEBUG] onEnable start -> 1664942227064

[22-10-05 11:57:07] [INFO] [DEBUG] Starting load of Config at 1664942227100
[22-10-05 11:57:07] [INFO] [DEBUG] Config has been loaded. (took 22ms)
[22-10-05 11:57:07] [INFO] [DEBUG] Starting load of Lang at 1664942227122
[22-10-05 11:57:07] [INFO] [DEBUG] Lang has been loaded. (took 21ms)
[22-10-05 11:57:07] [INFO] [DEBUG] Starting load of UserManagerImpl at 1664942227143
[22-10-05 11:57:07] [INFO] [DEBUG] UserManagerImpl has been loaded. (took 2ms)
[22-10-05 11:57:07] [INFO] [DEBUG] Starting load of GuiListener at 1664942227145
[22-10-05 11:57:07] [INFO] [DEBUG] GuiListener has been loaded. (took 0ms)
[22-10-05 11:57:07] [INFO] [DEBUG] Starting load of KitManagerImpl at 1664942227145
[22-10-05 11:57:07] [INFO] KitManagerImpl: Loaded 0 kit(s).
[22-10-05 11:57:07] [INFO] [DEBUG] KitManagerImpl has been loaded. (took 22ms)
[22-10-05 11:57:07] [INFO] [DEBUG] Starting load of ArenaManagerImpl at 1664942227167
[22-10-05 11:57:07] [INFO] ArenaManagerImpl: Loaded 0 arena(s).
[22-10-05 11:57:07] [INFO] [DEBUG] ArenaManagerImpl has been loaded. (took 1ms)
[22-10-05 11:57:07] [INFO] [DEBUG] Starting load of SettingsManager at 1664942227168
[22-10-05 11:57:07] [INFO] [DEBUG] SettingsManager has been loaded. (took 1ms)
[22-10-05 11:57:07] [INFO] [DEBUG] Starting load of PlayerInfoManager at 1664942227169
[22-10-05 11:57:07] [WARNING] PlayerInfoManager: Lobby location was not set, using world's spawn location as default. Use the command /duels setlobby in-game to set the lobby location.
[22-10-05 11:57:07] [INFO] [DEBUG] PlayerInfoManager has been loaded. (took 1ms)
[22-10-05 11:57:07] [INFO] [DEBUG] Starting load of SpectateManagerImpl at 1664942227170
[22-10-05 11:57:07] [INFO] [DEBUG] SpectateManagerImpl has been loaded. (took 0ms)
[22-10-05 11:57:07] [INFO] [DEBUG] Starting load of BettingManager at 1664942227170
[22-10-05 11:57:07] [INFO] BettingManager: Vault was not found! Money betting feature will be automatically disabled.
[22-10-05 11:57:07] [INFO] [DEBUG] BettingManager has been loaded. (took 0ms)
[22-10-05 11:57:07] [INFO] [DEBUG] Starting load of InventoryManager at 1664942227170
[22-10-05 11:57:07] [INFO] [DEBUG] InventoryManager has been loaded. (took 1ms)
[22-10-05 11:57:07] [INFO] [DEBUG] Starting load of DuelManager at 1664942227171
[22-10-05 11:57:07] [INFO] [DEBUG] DuelManager has been loaded. (took 0ms)
[22-10-05 11:57:07] [INFO] [DEBUG] Starting load of QueueManager at 1664942227171
[22-10-05 11:57:07] [INFO] QueueManager: Loaded 0 queue(s).
[22-10-05 11:57:07] [INFO] [DEBUG] QueueManager has been loaded. (took 2ms)
[22-10-05 11:57:07] [INFO] [DEBUG] Starting load of QueueSignManagerImpl at 1664942227173
[22-10-05 11:57:07] [INFO] QueueSignManagerImpl: Loaded 0 queue sign(s).
[22-10-05 11:57:07] [INFO] [DEBUG] QueueSignManagerImpl has been loaded. (took 1ms)
[22-10-05 11:57:07] [INFO] [DEBUG] Starting load of RequestManager at 1664942227174
[22-10-05 11:57:07] [INFO] [DEBUG] RequestManager has been loaded. (took 0ms)
[22-10-05 11:57:07] [INFO] [DEBUG] Starting load of Teleport at 1664942227174
[22-10-05 11:57:07] [INFO] [DEBUG] Teleport has been loaded. (took 0ms)
[22-10-05 11:57:07] [INFO] [DEBUG] Starting load of ExtensionManager at 1664942227174
[22-10-05 11:57:07] [INFO] [DEBUG] ExtensionManager has been loaded. (took 1ms)
[22-10-05 11:57:08] [INFO] No updates were available. You are on the latest version!
[22-10-05 11:57:49] [INFO] [DEBUG] Starting unload of ExtensionManager at 1664942269362
[22-10-05 11:57:49] [INFO] [DEBUG] ExtensionManager has been unloaded. (took 0ms)
[22-10-05 11:57:49] [INFO] [DEBUG] Starting unload of Teleport at 1664942269362
[22-10-05 11:57:49] [INFO] [DEBUG] Teleport has been unloaded. (took 0ms)
[22-10-05 11:57:49] [INFO] [DEBUG] Starting unload of RequestManager at 1664942269362
[22-10-05 11:57:49] [INFO] [DEBUG] RequestManager has been unloaded. (took 0ms)
[22-10-05 11:57:49] [INFO] [DEBUG] Starting unload of QueueSignManagerImpl at 1664942269362
[22-10-05 11:57:49] [INFO] [DEBUG] QueueSignManagerImpl has been unloaded. (took 0ms)
[22-10-05 11:57:49] [INFO] [DEBUG] Starting unload of QueueManager at 1664942269362
[22-10-05 11:57:49] [INFO] [DEBUG] QueueManager has been unloaded. (took 1ms)
[22-10-05 11:57:49] [INFO] [DEBUG] Starting unload of DuelManager at 1664942269363
[22-10-05 11:57:49] [INFO] [DEBUG] DuelManager has been unloaded. (took 0ms)
[22-10-05 11:57:49] [INFO] [DEBUG] Starting unload of InventoryManager at 1664942269363
[22-10-05 11:57:49] [INFO] [DEBUG] InventoryManager has been unloaded. (took 0ms)
[22-10-05 11:57:49] [INFO] [DEBUG] Starting unload of BettingManager at 1664942269363
[22-10-05 11:57:49] [INFO] [DEBUG] BettingManager has been unloaded. (took 0ms)
[22-10-05 11:57:49] [INFO] [DEBUG] Starting unload of SpectateManagerImpl at 1664942269363
[22-10-05 11:57:49] [INFO] [DEBUG] SpectateManagerImpl has been unloaded. (took 0ms)
[22-10-05 11:57:49] [INFO] [DEBUG] Starting unload of PlayerInfoManager at 1664942269363
[22-10-05 11:57:49] [INFO] [DEBUG] PlayerInfoManager has been unloaded. (took 1ms)
[22-10-05 11:57:49] [INFO] [DEBUG] Starting unload of SettingsManager at 1664942269364
[22-10-05 11:57:49] [INFO] [DEBUG] SettingsManager has been unloaded. (took 0ms)
[22-10-05 11:57:49] [INFO] [DEBUG] Starting unload of ArenaManagerImpl at 1664942269365
[22-10-05 11:57:49] [INFO] [DEBUG] ArenaManagerImpl has been unloaded. (took 0ms)
[22-10-05 11:57:49] [INFO] [DEBUG] Starting unload of KitManagerImpl at 1664942269365
[22-10-05 11:57:49] [INFO] [DEBUG] KitManagerImpl has been unloaded. (took 0ms)
[22-10-05 11:57:49] [INFO] [DEBUG] Starting unload of GuiListener at 1664942269365
[22-10-05 11:57:49] [INFO] [DEBUG] GuiListener has been unloaded. (took 0ms)
[22-10-05 11:57:49] [INFO] [DEBUG] Starting unload of UserManagerImpl at 1664942269366
[22-10-05 11:57:49] [INFO] [DEBUG] UserManagerImpl has been unloaded. (took 0ms)
[22-10-05 11:57:49] [INFO] [DEBUG] Starting unload of Lang at 1664942269366
[22-10-05 11:57:49] [INFO] [DEBUG] Lang has been unloaded. (took 0ms)
[22-10-05 11:57:49] [INFO] [DEBUG] Starting unload of Config at 1664942269366
[22-10-05 11:57:49] [INFO] [DEBUG] Config has been unloaded. (took 0ms)
[22-10-05 11:57:49] [INFO] [DEBUG] Starting load of Config at 1664942269366
[22-10-05 11:57:49] [INFO] [DEBUG] Config has been loaded. (took 4ms)
[22-10-05 11:57:49] [INFO] [DEBUG] Starting load of Lang at 1664942269370
[22-10-05 11:57:49] [INFO] [DEBUG] Lang has been loaded. (took 29ms)
[22-10-05 11:57:49] [INFO] [DEBUG] Starting load of UserManagerImpl at 1664942269399
[22-10-05 11:57:49] [INFO] [DEBUG] UserManagerImpl has been loaded. (took 0ms)
[22-10-05 11:57:49] [INFO] [DEBUG] Starting load of GuiListener at 1664942269400
[22-10-05 11:57:49] [INFO] [DEBUG] GuiListener has been loaded. (took 0ms)
[22-10-05 11:57:49] [INFO] [DEBUG] Starting load of KitManagerImpl at 1664942269400
[22-10-05 11:57:49] [INFO] KitManagerImpl: Loaded 0 kit(s).
[22-10-05 11:57:49] [INFO] [DEBUG] KitManagerImpl has been loaded. (took 0ms)
[22-10-05 11:57:49] [INFO] [DEBUG] Starting load of ArenaManagerImpl at 1664942269400
[22-10-05 11:57:49] [INFO] ArenaManagerImpl: Loaded 0 arena(s).
[22-10-05 11:57:49] [INFO] [DEBUG] ArenaManagerImpl has been loaded. (took 1ms)
[22-10-05 11:57:49] [INFO] [DEBUG] Starting load of SettingsManager at 1664942269401
[22-10-05 11:57:49] [INFO] [DEBUG] SettingsManager has been loaded. (took 0ms)
[22-10-05 11:57:49] [INFO] [DEBUG] Starting load of PlayerInfoManager at 1664942269401
[22-10-05 11:57:49] [INFO] [DEBUG] PlayerInfoManager has been loaded. (took 0ms)
[22-10-05 11:57:49] [INFO] [DEBUG] Starting load of SpectateManagerImpl at 1664942269401
[22-10-05 11:57:49] [INFO] [DEBUG] SpectateManagerImpl has been loaded. (took 0ms)
[22-10-05 11:57:49] [INFO] [DEBUG] Starting load of BettingManager at 1664942269401
[22-10-05 11:57:49] [INFO] BettingManager: Vault was not found! Money betting feature will be automatically disabled.
[22-10-05 11:57:49] [INFO] [DEBUG] BettingManager has been loaded. (took 0ms)
[22-10-05 11:57:49] [INFO] [DEBUG] Starting load of InventoryManager at 1664942269401
[22-10-05 11:57:49] [INFO] [DEBUG] InventoryManager has been loaded. (took 0ms)
[22-10-05 11:57:49] [INFO] [DEBUG] Starting load of DuelManager at 1664942269401
[22-10-05 11:57:49] [INFO] [DEBUG] DuelManager has been loaded. (took 0ms)
[22-10-05 11:57:49] [INFO] [DEBUG] Starting load of QueueManager at 1664942269401
[22-10-05 11:57:49] [INFO] QueueManager: Loaded 0 queue(s).
[22-10-05 11:57:49] [INFO] [DEBUG] QueueManager has been loaded. (took 1ms)
[22-10-05 11:57:49] [INFO] [DEBUG] Starting load of QueueSignManagerImpl at 1664942269402
[22-10-05 11:57:49] [INFO] QueueSignManagerImpl: Loaded 0 queue sign(s).
[22-10-05 11:57:49] [INFO] [DEBUG] QueueSignManagerImpl has been loaded. (took 0ms)
[22-10-05 11:57:49] [INFO] [DEBUG] Starting load of RequestManager at 1664942269402
[22-10-05 11:57:49] [INFO] [DEBUG] RequestManager has been loaded. (took 0ms)
[22-10-05 11:57:49] [INFO] [DEBUG] Starting load of Teleport at 1664942269402
[22-10-05 11:57:49] [INFO] [DEBUG] Teleport has been loaded. (took 0ms)
[22-10-05 11:57:49] [INFO] [DEBUG] Starting load of ExtensionManager at 1664942269402
[22-10-05 11:57:49] [INFO] [DEBUG] ExtensionManager has been loaded. (took 0ms)
[22-10-05 12:08:13] [INFO] [DEBUG] Starting unload of ExtensionManager at 1664942893745
[22-10-05 12:08:13] [INFO] [DEBUG] ExtensionManager has been unloaded. (took 0ms)
[22-10-05 12:08:13] [INFO] [DEBUG] Starting unload of Teleport at 1664942893745
[22-10-05 12:08:13] [INFO] [DEBUG] Teleport has been unloaded. (took 0ms)
[22-10-05 12:08:13] [INFO] [DEBUG] Starting unload of RequestManager at 1664942893745
[22-10-05 12:08:13] [INFO] [DEBUG] RequestManager has been unloaded. (took 0ms)
[22-10-05 12:08:13] [INFO] [DEBUG] Starting unload of QueueSignManagerImpl at 1664942893745
[22-10-05 12:08:13] [INFO] [DEBUG] QueueSignManagerImpl has been unloaded. (took 0ms)
[22-10-05 12:08:13] [INFO] [DEBUG] Starting unload of QueueManager at 1664942893745
[22-10-05 12:08:13] [INFO] [DEBUG] QueueManager has been unloaded. (took 1ms)
[22-10-05 12:08:13] [INFO] [DEBUG] Starting unload of DuelManager at 1664942893746
[22-10-05 12:08:13] [INFO] [DEBUG] DuelManager has been unloaded. (took 0ms)
[22-10-05 12:08:13] [INFO] [DEBUG] Starting unload of InventoryManager at 1664942893746
[22-10-05 12:08:13] [INFO] [DEBUG] InventoryManager has been unloaded. (took 0ms)
[22-10-05 12:08:13] [INFO] [DEBUG] Starting unload of BettingManager at 1664942893746
[22-10-05 12:08:13] [INFO] [DEBUG] BettingManager has been unloaded. (took 0ms)
[22-10-05 12:08:13] [INFO] [DEBUG] Starting unload of SpectateManagerImpl at 1664942893746
[22-10-05 12:08:13] [INFO] [DEBUG] SpectateManagerImpl has been unloaded. (took 0ms)
[22-10-05 12:08:13] [INFO] [DEBUG] Starting unload of PlayerInfoManager at 1664942893746
[22-10-05 12:08:13] [INFO] [DEBUG] PlayerInfoManager has been unloaded. (took 0ms)
[22-10-05 12:08:13] [INFO] [DEBUG] Starting unload of SettingsManager at 1664942893746
[22-10-05 12:08:13] [INFO] [DEBUG] SettingsManager has been unloaded. (took 0ms)
[22-10-05 12:08:13] [INFO] [DEBUG] Starting unload of ArenaManagerImpl at 1664942893746
[22-10-05 12:08:13] [INFO] [DEBUG] ArenaManagerImpl has been unloaded. (took 0ms)
[22-10-05 12:08:13] [INFO] [DEBUG] Starting unload of KitManagerImpl at 1664942893746
[22-10-05 12:08:13] [INFO] [DEBUG] KitManagerImpl has been unloaded. (took 0ms)
[22-10-05 12:08:13] [INFO] [DEBUG] Starting unload of GuiListener at 1664942893746
[22-10-05 12:08:13] [INFO] [DEBUG] GuiListener has been unloaded. (took 0ms)
[22-10-05 12:08:13] [INFO] [DEBUG] Starting unload of UserManagerImpl at 1664942893746
[22-10-05 12:08:13] [INFO] [DEBUG] UserManagerImpl has been unloaded. (took 0ms)
[22-10-05 12:08:13] [INFO] [DEBUG] Starting unload of Lang at 1664942893746
[22-10-05 12:08:13] [INFO] [DEBUG] Lang has been unloaded. (took 0ms)
[22-10-05 12:08:13] [INFO] [DEBUG] Starting unload of Config at 1664942893746
[22-10-05 12:08:13] [INFO] [DEBUG] Config has been unloaded. (took 0ms)
[22-10-05 12:08:13] [INFO] [DEBUG] Starting load of Config at 1664942893746
[22-10-05 12:08:13] [INFO] [DEBUG] Config has been loaded. (took 3ms)
[22-10-05 12:08:13] [INFO] [DEBUG] Starting load of Lang at 1664942893750
[22-10-05 12:08:13] [INFO] [DEBUG] Lang has been loaded. (took 9ms)
[22-10-05 12:08:13] [INFO] [DEBUG] Starting load of UserManagerImpl at 1664942893759
[22-10-05 12:08:13] [INFO] [DEBUG] UserManagerImpl has been loaded. (took 0ms)
[22-10-05 12:08:13] [INFO] [DEBUG] Starting load of GuiListener at 1664942893759
[22-10-05 12:08:13] [INFO] [DEBUG] GuiListener has been loaded. (took 1ms)
[22-10-05 12:08:13] [INFO] [DEBUG] Starting load of KitManagerImpl at 1664942893760
[22-10-05 12:08:13] [INFO] KitManagerImpl: Loaded 0 kit(s).
[22-10-05 12:08:13] [INFO] [DEBUG] KitManagerImpl has been loaded. (took 0ms)
[22-10-05 12:08:13] [INFO] [DEBUG] Starting load of ArenaManagerImpl at 1664942893760
[22-10-05 12:08:13] [INFO] ArenaManagerImpl: Loaded 0 arena(s).
[22-10-05 12:08:13] [INFO] [DEBUG] ArenaManagerImpl has been loaded. (took 0ms)
[22-10-05 12:08:13] [INFO] [DEBUG] Starting load of SettingsManager at 1664942893761
[22-10-05 12:08:13] [INFO] [DEBUG] SettingsManager has been loaded. (took 0ms)
[22-10-05 12:08:13] [INFO] [DEBUG] Starting load of PlayerInfoManager at 1664942893761
[22-10-05 12:08:13] [INFO] [DEBUG] PlayerInfoManager has been loaded. (took 0ms)
[22-10-05 12:08:13] [INFO] [DEBUG] Starting load of SpectateManagerImpl at 1664942893761
[22-10-05 12:08:13] [INFO] [DEBUG] SpectateManagerImpl has been loaded. (took 0ms)
[22-10-05 12:08:13] [INFO] [DEBUG] Starting load of BettingManager at 1664942893761
[22-10-05 12:08:13] [INFO] BettingManager: Vault was not found! Money betting feature will be automatically disabled.
[22-10-05 12:08:13] [INFO] [DEBUG] BettingManager has been loaded. (took 0ms)
[22-10-05 12:08:13] [INFO] [DEBUG] Starting load of InventoryManager at 1664942893761
[22-10-05 12:08:13] [INFO] [DEBUG] InventoryManager has been loaded. (took 0ms)
[22-10-05 12:08:13] [INFO] [DEBUG] Starting load of DuelManager at 1664942893761
[22-10-05 12:08:13] [INFO] [DEBUG] DuelManager has been loaded. (took 0ms)
[22-10-05 12:08:13] [INFO] [DEBUG] Starting load of QueueManager at 1664942893761
[22-10-05 12:08:13] [INFO] QueueManager: Loaded 0 queue(s).
[22-10-05 12:08:13] [INFO] [DEBUG] QueueManager has been loaded. (took 0ms)
[22-10-05 12:08:13] [INFO] [DEBUG] Starting load of QueueSignManagerImpl at 1664942893761
[22-10-05 12:08:13] [INFO] QueueSignManagerImpl: Loaded 0 queue sign(s).
[22-10-05 12:08:13] [INFO] [DEBUG] QueueSignManagerImpl has been loaded. (took 0ms)
[22-10-05 12:08:13] [INFO] [DEBUG] Starting load of RequestManager at 1664942893761
[22-10-05 12:08:13] [INFO] [DEBUG] RequestManager has been loaded. (took 0ms)
[22-10-05 12:08:13] [INFO] [DEBUG] Starting load of Teleport at 1664942893762
[22-10-05 12:08:13] [INFO] [DEBUG] Teleport has been loaded. (took 0ms)
[22-10-05 12:08:13] [INFO] [DEBUG] Starting load of ExtensionManager at 1664942893762
[22-10-05 12:08:13] [INFO] [DEBUG] ExtensionManager has been loaded. (took 0ms)
[22-10-05 13:22:05] [INFO] [DEBUG] onDisable start -> 1664947325356

[22-10-05 13:22:05] [INFO] [DEBUG] Starting unload of ExtensionManager at 1664947325358
[22-10-05 13:22:05] [INFO] [DEBUG] ExtensionManager has been unloaded. (took 0ms)
[22-10-05 13:22:05] [INFO] [DEBUG] Starting unload of Teleport at 1664947325358
[22-10-05 13:22:05] [INFO] [DEBUG] Teleport has been unloaded. (took 0ms)
[22-10-05 13:22:05] [INFO] [DEBUG] Starting unload of RequestManager at 1664947325358
[22-10-05 13:22:05] [INFO] [DEBUG] RequestManager has been unloaded. (took 0ms)
[22-10-05 13:22:05] [INFO] [DEBUG] Starting unload of QueueSignManagerImpl at 1664947325358
[22-10-05 13:22:05] [INFO] [DEBUG] QueueSignManagerImpl has been unloaded. (took 0ms)
[22-10-05 13:22:05] [INFO] [DEBUG] Starting unload of QueueManager at 1664947325358
[22-10-05 13:22:05] [INFO] [DEBUG] QueueManager has been unloaded. (took 0ms)
[22-10-05 13:22:05] [INFO] [DEBUG] Starting unload of DuelManager at 1664947325358
[22-10-05 13:22:05] [INFO] [DEBUG] DuelManager has been unloaded. (took 0ms)
[22-10-05 13:22:05] [INFO] [DEBUG] Starting unload of InventoryManager at 1664947325358
[22-10-05 13:22:05] [INFO] [DEBUG] InventoryManager has been unloaded. (took 0ms)
[22-10-05 13:22:05] [INFO] [DEBUG] Starting unload of BettingManager at 1664947325358
[22-10-05 13:22:05] [INFO] [DEBUG] BettingManager has been unloaded. (took 0ms)
[22-10-05 13:22:05] [INFO] [DEBUG] Starting unload of SpectateManagerImpl at 1664947325358
[22-10-05 13:22:05] [INFO] [DEBUG] SpectateManagerImpl has been unloaded. (took 0ms)
[22-10-05 13:22:05] [INFO] [DEBUG] Starting unload of PlayerInfoManager at 1664947325358
[22-10-05 13:22:05] [INFO] [DEBUG] PlayerInfoManager has been unloaded. (took 0ms)
[22-10-05 13:22:05] [INFO] [DEBUG] Starting unload of SettingsManager at 1664947325358
[22-10-05 13:22:05] [INFO] [DEBUG] SettingsManager has been unloaded. (took 0ms)
[22-10-05 13:22:05] [INFO] [DEBUG] Starting unload of ArenaManagerImpl at 1664947325358
[22-10-05 13:22:05] [INFO] [DEBUG] ArenaManagerImpl has been unloaded. (took 0ms)
[22-10-05 13:22:05] [INFO] [DEBUG] Starting unload of KitManagerImpl at 1664947325358
[22-10-05 13:22:05] [INFO] [DEBUG] KitManagerImpl has been unloaded. (took 0ms)
[22-10-05 13:22:05] [INFO] [DEBUG] Starting unload of GuiListener at 1664947325358
[22-10-05 13:22:05] [INFO] [DEBUG] GuiListener has been unloaded. (took 0ms)
[22-10-05 13:22:05] [INFO] [DEBUG] Starting unload of UserManagerImpl at 1664947325358
[22-10-05 13:22:05] [INFO] [DEBUG] UserManagerImpl has been unloaded. (took 3ms)
[22-10-05 13:22:05] [INFO] [DEBUG] Starting unload of Lang at 1664947325361
[22-10-05 13:22:05] [INFO] [DEBUG] Lang has been unloaded. (took 0ms)
[22-10-05 13:22:05] [INFO] [DEBUG] Starting unload of Config at 1664947325361
[22-10-05 13:22:05] [INFO] [DEBUG] Config has been unloaded. (took 0ms)
[22-10-05 13:22:05] [INFO] [DEBUG] unload done (took 5ms)
[22-10-05 13:22:05] [INFO] [DEBUG] Log#clearSources done (took 0ms)
[22-10-05 13:22:19] [INFO] [DEBUG] onEnable start -> 1664947339613

[22-10-05 13:22:19] [INFO] [DEBUG] Starting load of Config at 1664947339653
[22-10-05 13:22:19] [INFO] [DEBUG] Config has been loaded. (took 17ms)
[22-10-05 13:22:19] [INFO] [DEBUG] Starting load of Lang at 1664947339670
[22-10-05 13:22:19] [INFO] [DEBUG] Lang has been loaded. (took 17ms)
[22-10-05 13:22:19] [INFO] [DEBUG] Starting load of UserManagerImpl at 1664947339687
[22-10-05 13:22:19] [INFO] [DEBUG] UserManagerImpl has been loaded. (took 1ms)
[22-10-05 13:22:19] [INFO] [DEBUG] Starting load of GuiListener at 1664947339688
[22-10-05 13:22:19] [INFO] [DEBUG] GuiListener has been loaded. (took 0ms)
[22-10-05 13:22:19] [INFO] [DEBUG] Starting load of KitManagerImpl at 1664947339688
[22-10-05 13:22:19] [INFO] KitManagerImpl: Loaded 1 kit(s).
[22-10-05 13:22:19] [INFO] [DEBUG] KitManagerImpl has been loaded. (took 203ms)
[22-10-05 13:22:19] [INFO] [DEBUG] Starting load of ArenaManagerImpl at 1664947339891
[22-10-05 13:22:19] [INFO] ArenaManagerImpl: Loaded 1 arena(s).
[22-10-05 13:22:19] [INFO] [DEBUG] ArenaManagerImpl has been loaded. (took 11ms)
[22-10-05 13:22:19] [INFO] [DEBUG] Starting load of SettingsManager at 1664947339902
[22-10-05 13:22:19] [INFO] [DEBUG] SettingsManager has been loaded. (took 0ms)
[22-10-05 13:22:19] [INFO] [DEBUG] Starting load of PlayerInfoManager at 1664947339902
[22-10-05 13:22:19] [WARNING] PlayerInfoManager: Lobby location was not set, using world's spawn location as default. Use the command /duels setlobby in-game to set the lobby location.
[22-10-05 13:22:19] [INFO] [DEBUG] PlayerInfoManager has been loaded. (took 1ms)
[22-10-05 13:22:19] [INFO] [DEBUG] Starting load of SpectateManagerImpl at 1664947339903
[22-10-05 13:22:19] [INFO] [DEBUG] SpectateManagerImpl has been loaded. (took 0ms)
[22-10-05 13:22:19] [INFO] [DEBUG] Starting load of BettingManager at 1664947339903
[22-10-05 13:22:19] [INFO] BettingManager: Vault was not found! Money betting feature will be automatically disabled.
[22-10-05 13:22:19] [INFO] [DEBUG] BettingManager has been loaded. (took 0ms)
[22-10-05 13:22:19] [INFO] [DEBUG] Starting load of InventoryManager at 1664947339903
[22-10-05 13:22:19] [INFO] [DEBUG] InventoryManager has been loaded. (took 0ms)
[22-10-05 13:22:19] [INFO] [DEBUG] Starting load of DuelManager at 1664947339903
[22-10-05 13:22:19] [INFO] [DEBUG] DuelManager has been loaded. (took 0ms)
[22-10-05 13:22:19] [INFO] [DEBUG] Starting load of QueueManager at 1664947339903
[22-10-05 13:22:19] [INFO] QueueManager: Loaded 1 queue(s).
[22-10-05 13:22:19] [INFO] [DEBUG] QueueManager has been loaded. (took 3ms)
[22-10-05 13:22:19] [INFO] [DEBUG] Starting load of QueueSignManagerImpl at 1664947339906
[22-10-05 13:22:19] [INFO] QueueSignManagerImpl: Loaded 1 queue sign(s).
[22-10-05 13:22:19] [INFO] [DEBUG] QueueSignManagerImpl has been loaded. (took 9ms)
[22-10-05 13:22:19] [INFO] [DEBUG] Starting load of RequestManager at 1664947339915
[22-10-05 13:22:19] [INFO] [DEBUG] RequestManager has been loaded. (took 0ms)
[22-10-05 13:22:19] [INFO] [DEBUG] Starting load of Teleport at 1664947339915
[22-10-05 13:22:19] [INFO] [DEBUG] Teleport has been loaded. (took 0ms)
[22-10-05 13:22:19] [INFO] [DEBUG] Starting load of ExtensionManager at 1664947339915
[22-10-05 13:22:19] [INFO] [DEBUG] ExtensionManager has been loaded. (took 1ms)
[22-10-05 13:22:21] [INFO] No updates were available. You are on the latest version!
[22-10-05 22:36:24] [INFO] [DEBUG] onDisable start -> 1664980584333

[22-10-05 22:36:24] [INFO] [DEBUG] Starting unload of ExtensionManager at 1664980584335
[22-10-05 22:36:24] [INFO] [DEBUG] ExtensionManager has been unloaded. (took 0ms)
[22-10-05 22:36:24] [INFO] [DEBUG] Starting unload of Teleport at 1664980584335
[22-10-05 22:36:24] [INFO] [DEBUG] Teleport has been unloaded. (took 0ms)
[22-10-05 22:36:24] [INFO] [DEBUG] Starting unload of RequestManager at 1664980584335
[22-10-05 22:36:24] [INFO] [DEBUG] RequestManager has been unloaded. (took 0ms)
[22-10-05 22:36:24] [INFO] [DEBUG] Starting unload of QueueSignManagerImpl at 1664980584335
[22-10-05 22:36:24] [INFO] [DEBUG] QueueSignManagerImpl has been unloaded. (took 0ms)
[22-10-05 22:36:24] [INFO] [DEBUG] Starting unload of QueueManager at 1664980584335
[22-10-05 22:36:24] [INFO] [DEBUG] QueueManager has been unloaded. (took 0ms)
[22-10-05 22:36:24] [INFO] [DEBUG] Starting unload of DuelManager at 1664980584335
[22-10-05 22:36:24] [INFO] [DEBUG] DuelManager has been unloaded. (took 0ms)
[22-10-05 22:36:24] [INFO] [DEBUG] Starting unload of InventoryManager at 1664980584335
[22-10-05 22:36:24] [INFO] [DEBUG] InventoryManager has been unloaded. (took 0ms)
[22-10-05 22:36:24] [INFO] [DEBUG] Starting unload of BettingManager at 1664980584335
[22-10-05 22:36:24] [INFO] [DEBUG] BettingManager has been unloaded. (took 0ms)
[22-10-05 22:36:24] [INFO] [DEBUG] Starting unload of SpectateManagerImpl at 1664980584335
[22-10-05 22:36:24] [INFO] [DEBUG] SpectateManagerImpl has been unloaded. (took 0ms)
[22-10-05 22:36:24] [INFO] [DEBUG] Starting unload of PlayerInfoManager at 1664980584335
[22-10-05 22:36:24] [INFO] [DEBUG] PlayerInfoManager has been unloaded. (took 3ms)
[22-10-05 22:36:24] [INFO] [DEBUG] Starting unload of SettingsManager at 1664980584338
[22-10-05 22:36:24] [INFO] [DEBUG] SettingsManager has been unloaded. (took 0ms)
[22-10-05 22:36:24] [INFO] [DEBUG] Starting unload of ArenaManagerImpl at 1664980584338
[22-10-05 22:36:24] [INFO] [DEBUG] ArenaManagerImpl has been unloaded. (took 0ms)
[22-10-05 22:36:24] [INFO] [DEBUG] Starting unload of KitManagerImpl at 1664980584338
[22-10-05 22:36:24] [INFO] [DEBUG] KitManagerImpl has been unloaded. (took 0ms)
[22-10-05 22:36:24] [INFO] [DEBUG] Starting unload of GuiListener at 1664980584338
[22-10-05 22:36:24] [INFO] [DEBUG] GuiListener has been unloaded. (took 1ms)
[22-10-05 22:36:24] [INFO] [DEBUG] Starting unload of UserManagerImpl at 1664980584339
[22-10-05 22:36:24] [INFO] [DEBUG] UserManagerImpl has been unloaded. (took 0ms)
[22-10-05 22:36:24] [INFO] [DEBUG] Starting unload of Lang at 1664980584339
[22-10-05 22:36:24] [INFO] [DEBUG] Lang has been unloaded. (took 0ms)
[22-10-05 22:36:24] [INFO] [DEBUG] Starting unload of Config at 1664980584339
[22-10-05 22:36:24] [INFO] [DEBUG] Config has been unloaded. (took 0ms)
[22-10-05 22:36:24] [INFO] [DEBUG] unload done (took 6ms)
[22-10-05 22:36:24] [INFO] [DEBUG] Log#clearSources done (took 0ms)
