[22-12-08 16:28:12] [INFO] [DEBUG] onEnable start -> 1670488092232

[22-12-08 16:28:12] [INFO] [DEBUG] Starting load of Config at 1670488092267
[22-12-08 16:28:12] [INFO] [DEBUG] Config has been loaded. (took 8ms)
[22-12-08 16:28:12] [INFO] [DEBUG] Starting load of Lang at 1670488092275
[22-12-08 16:28:12] [INFO] [DEBUG] Lang has been loaded. (took 11ms)
[22-12-08 16:28:12] [INFO] [DEBUG] Starting load of UserManagerImpl at 1670488092286
[22-12-08 16:28:12] [INFO] [DEBUG] UserManagerImpl has been loaded. (took 0ms)
[22-12-08 16:28:12] [INFO] [DEBUG] Starting load of GuiListener at 1670488092287
[22-12-08 16:28:12] [INFO] [DEBUG] GuiListener has been loaded. (took 0ms)
[22-12-08 16:28:12] [INFO] [DEBUG] Starting load of KitManagerImpl at 1670488092287
[22-12-08 16:28:12] [INFO] KitManagerImpl: Loaded 2 kit(s).
[22-12-08 16:28:12] [INFO] [DEBUG] KitManagerImpl has been loaded. (took 184ms)
[22-12-08 16:28:12] [INFO] [DEBUG] Starting load of ArenaManagerImpl at 1670488092471
[22-12-08 16:28:12] [INFO] ArenaManagerImpl: Loaded 1 arena(s).
[22-12-08 16:28:12] [INFO] [DEBUG] ArenaManagerImpl has been loaded. (took 8ms)
[22-12-08 16:28:12] [INFO] [DEBUG] Starting load of SettingsManager at 1670488092479
[22-12-08 16:28:12] [INFO] [DEBUG] SettingsManager has been loaded. (took 0ms)
[22-12-08 16:28:12] [INFO] [DEBUG] Starting load of PlayerInfoManager at 1670488092479
[22-12-08 16:28:12] [WARNING] PlayerInfoManager: Lobby location was not set, using world's spawn location as default. Use the command /duels setlobby in-game to set the lobby location.
[22-12-08 16:28:12] [INFO] [DEBUG] PlayerInfoManager has been loaded. (took 11ms)
[22-12-08 16:28:12] [INFO] [DEBUG] Starting load of SpectateManagerImpl at 1670488092490
[22-12-08 16:28:12] [INFO] [DEBUG] SpectateManagerImpl has been loaded. (took 0ms)
[22-12-08 16:28:12] [INFO] [DEBUG] Starting load of BettingManager at 1670488092490
[22-12-08 16:28:12] [INFO] BettingManager: Vault was not found! Money betting feature will be automatically disabled.
[22-12-08 16:28:12] [INFO] [DEBUG] BettingManager has been loaded. (took 0ms)
[22-12-08 16:28:12] [INFO] [DEBUG] Starting load of InventoryManager at 1670488092490
[22-12-08 16:28:12] [INFO] [DEBUG] InventoryManager has been loaded. (took 0ms)
[22-12-08 16:28:12] [INFO] [DEBUG] Starting load of DuelManager at 1670488092490
[22-12-08 16:28:12] [INFO] [DEBUG] DuelManager has been loaded. (took 0ms)
[22-12-08 16:28:12] [INFO] [DEBUG] Starting load of QueueManager at 1670488092490
[22-12-08 16:28:12] [INFO] QueueManager: Loaded 2 queue(s).
[22-12-08 16:28:12] [INFO] [DEBUG] QueueManager has been loaded. (took 3ms)
[22-12-08 16:28:12] [INFO] [DEBUG] Starting load of QueueSignManagerImpl at 1670488092493
[22-12-08 16:28:12] [INFO] QueueSignManagerImpl: Loaded 2 queue sign(s).
[22-12-08 16:28:12] [INFO] [DEBUG] QueueSignManagerImpl has been loaded. (took 21ms)
[22-12-08 16:28:12] [INFO] [DEBUG] Starting load of RequestManager at 1670488092514
[22-12-08 16:28:12] [INFO] [DEBUG] RequestManager has been loaded. (took 0ms)
[22-12-08 16:28:12] [INFO] [DEBUG] Starting load of Teleport at 1670488092514
[22-12-08 16:28:12] [INFO] [DEBUG] Teleport has been loaded. (took 1ms)
[22-12-08 16:28:12] [INFO] [DEBUG] Starting load of ExtensionManager at 1670488092515
[22-12-08 16:28:12] [INFO] [DEBUG] ExtensionManager has been loaded. (took 0ms)
[22-12-08 16:28:13] [INFO] No updates were available. You are on the latest version!
[22-12-08 16:36:59] [INFO] [DEBUG] onDisable start -> 1670488619180

[22-12-08 16:36:59] [INFO] [DEBUG] Starting unload of ExtensionManager at 1670488619182
[22-12-08 16:36:59] [INFO] [DEBUG] ExtensionManager has been unloaded. (took 0ms)
[22-12-08 16:36:59] [INFO] [DEBUG] Starting unload of Teleport at 1670488619182
[22-12-08 16:36:59] [INFO] [DEBUG] Teleport has been unloaded. (took 0ms)
[22-12-08 16:36:59] [INFO] [DEBUG] Starting unload of RequestManager at 1670488619182
[22-12-08 16:36:59] [INFO] [DEBUG] RequestManager has been unloaded. (took 0ms)
[22-12-08 16:36:59] [INFO] [DEBUG] Starting unload of QueueSignManagerImpl at 1670488619182
[22-12-08 16:36:59] [INFO] [DEBUG] QueueSignManagerImpl has been unloaded. (took 0ms)
[22-12-08 16:36:59] [INFO] [DEBUG] Starting unload of QueueManager at 1670488619182
[22-12-08 16:36:59] [INFO] [DEBUG] QueueManager has been unloaded. (took 0ms)
[22-12-08 16:36:59] [INFO] [DEBUG] Starting unload of DuelManager at 1670488619182
[22-12-08 16:36:59] [INFO] [DEBUG] DuelManager has been unloaded. (took 0ms)
[22-12-08 16:36:59] [INFO] [DEBUG] Starting unload of InventoryManager at 1670488619183
[22-12-08 16:36:59] [INFO] [DEBUG] InventoryManager has been unloaded. (took 0ms)
[22-12-08 16:36:59] [INFO] [DEBUG] Starting unload of BettingManager at 1670488619183
[22-12-08 16:36:59] [INFO] [DEBUG] BettingManager has been unloaded. (took 0ms)
[22-12-08 16:36:59] [INFO] [DEBUG] Starting unload of SpectateManagerImpl at 1670488619183
[22-12-08 16:36:59] [INFO] [DEBUG] SpectateManagerImpl has been unloaded. (took 0ms)
[22-12-08 16:36:59] [INFO] [DEBUG] Starting unload of PlayerInfoManager at 1670488619183
[22-12-08 16:36:59] [INFO] [DEBUG] PlayerInfoManager has been unloaded. (took 3ms)
[22-12-08 16:36:59] [INFO] [DEBUG] Starting unload of SettingsManager at 1670488619186
[22-12-08 16:36:59] [INFO] [DEBUG] SettingsManager has been unloaded. (took 0ms)
[22-12-08 16:36:59] [INFO] [DEBUG] Starting unload of ArenaManagerImpl at 1670488619186
[22-12-08 16:36:59] [INFO] [DEBUG] ArenaManagerImpl has been unloaded. (took 0ms)
[22-12-08 16:36:59] [INFO] [DEBUG] Starting unload of KitManagerImpl at 1670488619186
[22-12-08 16:36:59] [INFO] [DEBUG] KitManagerImpl has been unloaded. (took 0ms)
[22-12-08 16:36:59] [INFO] [DEBUG] Starting unload of GuiListener at 1670488619186
[22-12-08 16:36:59] [INFO] [DEBUG] GuiListener has been unloaded. (took 1ms)
[22-12-08 16:36:59] [INFO] [DEBUG] Starting unload of UserManagerImpl at 1670488619187
[22-12-08 16:36:59] [INFO] [DEBUG] UserManagerImpl has been unloaded. (took 0ms)
[22-12-08 16:36:59] [INFO] [DEBUG] Starting unload of Lang at 1670488619187
[22-12-08 16:36:59] [INFO] [DEBUG] Lang has been unloaded. (took 0ms)
[22-12-08 16:36:59] [INFO] [DEBUG] Starting unload of Config at 1670488619187
[22-12-08 16:36:59] [INFO] [DEBUG] Config has been unloaded. (took 0ms)
[22-12-08 16:36:59] [INFO] [DEBUG] unload done (took 7ms)
[22-12-08 16:36:59] [INFO] [DEBUG] Log#clearSources done (took 0ms)
