[22-10-06 09:37:27] [INFO] [DEBUG] onEnable start -> 1665020247998

[22-10-06 09:37:28] [INFO] [DEBUG] Starting load of Config at 1665020248037
[22-10-06 09:37:28] [INFO] [DEBUG] Config has been loaded. (took 21ms)
[22-10-06 09:37:28] [INFO] [DEBUG] Starting load of Lang at 1665020248058
[22-10-06 09:37:28] [INFO] [DEBUG] Lang has been loaded. (took 16ms)
[22-10-06 09:37:28] [INFO] [DEBUG] Starting load of UserManagerImpl at 1665020248074
[22-10-06 09:37:28] [INFO] [DEBUG] UserManagerImpl has been loaded. (took 1ms)
[22-10-06 09:37:28] [INFO] [DEBUG] Starting load of GuiListener at 1665020248075
[22-10-06 09:37:28] [INFO] [DEBUG] GuiListener has been loaded. (took 0ms)
[22-10-06 09:37:28] [INFO] [DEBUG] Starting load of KitManagerImpl at 1665020248075
[22-10-06 09:37:28] [INFO] KitManagerImpl: Loaded 2 kit(s).
[22-10-06 09:37:28] [INFO] [DEBUG] KitManagerImpl has been loaded. (took 202ms)
[22-10-06 09:37:28] [INFO] [DEBUG] Starting load of ArenaManagerImpl at 1665020248278
[22-10-06 09:37:28] [INFO] ArenaManagerImpl: Loaded 1 arena(s).
[22-10-06 09:37:28] [INFO] [DEBUG] ArenaManagerImpl has been loaded. (took 9ms)
[22-10-06 09:37:28] [INFO] [DEBUG] Starting load of SettingsManager at 1665020248287
[22-10-06 09:37:28] [INFO] [DEBUG] SettingsManager has been loaded. (took 0ms)
[22-10-06 09:37:28] [INFO] [DEBUG] Starting load of PlayerInfoManager at 1665020248287
[22-10-06 09:37:28] [WARNING] PlayerInfoManager: Lobby location was not set, using world's spawn location as default. Use the command /duels setlobby in-game to set the lobby location.
[22-10-06 09:37:28] [INFO] [DEBUG] PlayerInfoManager has been loaded. (took 13ms)
[22-10-06 09:37:28] [INFO] [DEBUG] Starting load of SpectateManagerImpl at 1665020248300
[22-10-06 09:37:28] [INFO] [DEBUG] SpectateManagerImpl has been loaded. (took 0ms)
[22-10-06 09:37:28] [INFO] [DEBUG] Starting load of BettingManager at 1665020248300
[22-10-06 09:37:28] [INFO] BettingManager: Vault was not found! Money betting feature will be automatically disabled.
[22-10-06 09:37:28] [INFO] [DEBUG] BettingManager has been loaded. (took 1ms)
[22-10-06 09:37:28] [INFO] [DEBUG] Starting load of InventoryManager at 1665020248301
[22-10-06 09:37:28] [INFO] [DEBUG] InventoryManager has been loaded. (took 0ms)
[22-10-06 09:37:28] [INFO] [DEBUG] Starting load of DuelManager at 1665020248301
[22-10-06 09:37:28] [INFO] [DEBUG] DuelManager has been loaded. (took 0ms)
[22-10-06 09:37:28] [INFO] [DEBUG] Starting load of QueueManager at 1665020248301
[22-10-06 09:37:28] [INFO] QueueManager: Loaded 2 queue(s).
[22-10-06 09:37:28] [INFO] [DEBUG] QueueManager has been loaded. (took 3ms)
[22-10-06 09:37:28] [INFO] [DEBUG] Starting load of QueueSignManagerImpl at 1665020248304
[22-10-06 09:37:28] [INFO] QueueSignManagerImpl: Loaded 2 queue sign(s).
[22-10-06 09:37:28] [INFO] [DEBUG] QueueSignManagerImpl has been loaded. (took 20ms)
[22-10-06 09:37:28] [INFO] [DEBUG] Starting load of RequestManager at 1665020248324
[22-10-06 09:37:28] [INFO] [DEBUG] RequestManager has been loaded. (took 0ms)
[22-10-06 09:37:28] [INFO] [DEBUG] Starting load of Teleport at 1665020248324
[22-10-06 09:37:28] [INFO] [DEBUG] Teleport has been loaded. (took 0ms)
[22-10-06 09:37:28] [INFO] [DEBUG] Starting load of ExtensionManager at 1665020248324
[22-10-06 09:37:28] [INFO] [DEBUG] ExtensionManager has been loaded. (took 1ms)
[22-10-06 09:37:29] [INFO] No updates were available. You are on the latest version!
[22-10-06 17:03:53] [INFO] [DEBUG] onDisable start -> 1665047033208

[22-10-06 17:03:53] [INFO] [DEBUG] Starting unload of ExtensionManager at 1665047033209
[22-10-06 17:03:53] [INFO] [DEBUG] ExtensionManager has been unloaded. (took 1ms)
[22-10-06 17:03:53] [INFO] [DEBUG] Starting unload of Teleport at 1665047033210
[22-10-06 17:03:53] [INFO] [DEBUG] Teleport has been unloaded. (took 0ms)
[22-10-06 17:03:53] [INFO] [DEBUG] Starting unload of RequestManager at 1665047033210
[22-10-06 17:03:53] [INFO] [DEBUG] RequestManager has been unloaded. (took 0ms)
[22-10-06 17:03:53] [INFO] [DEBUG] Starting unload of QueueSignManagerImpl at 1665047033210
[22-10-06 17:03:53] [INFO] [DEBUG] QueueSignManagerImpl has been unloaded. (took 0ms)
[22-10-06 17:03:53] [INFO] [DEBUG] Starting unload of QueueManager at 1665047033210
[22-10-06 17:03:53] [INFO] [DEBUG] QueueManager has been unloaded. (took 0ms)
[22-10-06 17:03:53] [INFO] [DEBUG] Starting unload of DuelManager at 1665047033210
[22-10-06 17:03:53] [INFO] [DEBUG] DuelManager has been unloaded. (took 0ms)
[22-10-06 17:03:53] [INFO] [DEBUG] Starting unload of InventoryManager at 1665047033210
[22-10-06 17:03:53] [INFO] [DEBUG] InventoryManager has been unloaded. (took 0ms)
[22-10-06 17:03:53] [INFO] [DEBUG] Starting unload of BettingManager at 1665047033210
[22-10-06 17:03:53] [INFO] [DEBUG] BettingManager has been unloaded. (took 0ms)
[22-10-06 17:03:53] [INFO] [DEBUG] Starting unload of SpectateManagerImpl at 1665047033210
[22-10-06 17:03:53] [INFO] [DEBUG] SpectateManagerImpl has been unloaded. (took 0ms)
[22-10-06 17:03:53] [INFO] [DEBUG] Starting unload of PlayerInfoManager at 1665047033211
[22-10-06 17:03:53] [INFO] [DEBUG] PlayerInfoManager has been unloaded. (took 3ms)
[22-10-06 17:03:53] [INFO] [DEBUG] Starting unload of SettingsManager at 1665047033214
[22-10-06 17:03:53] [INFO] [DEBUG] SettingsManager has been unloaded. (took 0ms)
[22-10-06 17:03:53] [INFO] [DEBUG] Starting unload of ArenaManagerImpl at 1665047033214
[22-10-06 17:03:53] [INFO] [DEBUG] ArenaManagerImpl has been unloaded. (took 0ms)
[22-10-06 17:03:53] [INFO] [DEBUG] Starting unload of KitManagerImpl at 1665047033214
[22-10-06 17:03:53] [INFO] [DEBUG] KitManagerImpl has been unloaded. (took 0ms)
[22-10-06 17:03:53] [INFO] [DEBUG] Starting unload of GuiListener at 1665047033214
[22-10-06 17:03:53] [INFO] [DEBUG] GuiListener has been unloaded. (took 1ms)
[22-10-06 17:03:53] [INFO] [DEBUG] Starting unload of UserManagerImpl at 1665047033215
[22-10-06 17:03:53] [INFO] [DEBUG] UserManagerImpl has been unloaded. (took 0ms)
[22-10-06 17:03:53] [INFO] [DEBUG] Starting unload of Lang at 1665047033215
[22-10-06 17:03:53] [INFO] [DEBUG] Lang has been unloaded. (took 0ms)
[22-10-06 17:03:53] [INFO] [DEBUG] Starting unload of Config at 1665047033215
[22-10-06 17:03:53] [INFO] [DEBUG] Config has been unloaded. (took 0ms)
[22-10-06 17:03:53] [INFO] [DEBUG] unload done (took 7ms)
[22-10-06 17:03:53] [INFO] [DEBUG] Log#clearSources done (took 0ms)
