[23-01-14 13:40:43] [INFO] [DEBUG] onEnable start -> 1673674843509

[23-01-14 13:40:43] [INFO] [DEBUG] Starting load of Config at 1673674843552
[23-01-14 13:40:43] [INFO] [DEBUG] Config has been loaded. (took 12ms)
[23-01-14 13:40:43] [INFO] [DEBUG] Starting load of Lang at 1673674843564
[23-01-14 13:40:43] [INFO] [DEBUG] Lang has been loaded. (took 17ms)
[23-01-14 13:40:43] [INFO] [DEBUG] Starting load of UserManagerImpl at 1673674843581
[23-01-14 13:40:43] [INFO] [DEBUG] UserManagerImpl has been loaded. (took 2ms)
[23-01-14 13:40:43] [INFO] [DEBUG] Starting load of GuiListener at 1673674843583
[23-01-14 13:40:43] [INFO] [DEBUG] GuiListener has been loaded. (took 0ms)
[23-01-14 13:40:43] [INFO] [DEBUG] Starting load of KitManagerImpl at 1673674843583
[23-01-14 13:40:43] [INFO] KitManagerImpl: Loaded 2 kit(s).
[23-01-14 13:40:43] [INFO] [DEBUG] KitManagerImpl has been loaded. (took 104ms)
[23-01-14 13:40:43] [INFO] [DEBUG] Starting load of ArenaManagerImpl at 1673674843687
[23-01-14 13:40:43] [INFO] ArenaManagerImpl: Loaded 1 arena(s).
[23-01-14 13:40:43] [INFO] [DEBUG] ArenaManagerImpl has been loaded. (took 8ms)
[23-01-14 13:40:43] [INFO] [DEBUG] Starting load of SettingsManager at 1673674843695
[23-01-14 13:40:43] [INFO] [DEBUG] SettingsManager has been loaded. (took 0ms)
[23-01-14 13:40:43] [INFO] [DEBUG] Starting load of PlayerInfoManager at 1673674843695
[23-01-14 13:40:43] [WARNING] PlayerInfoManager: Lobby location was not set, using world's spawn location as default. Use the command /duels setlobby in-game to set the lobby location.
[23-01-14 13:40:43] [INFO] [DEBUG] PlayerInfoManager has been loaded. (took 1ms)
[23-01-14 13:40:43] [INFO] [DEBUG] Starting load of SpectateManagerImpl at 1673674843696
[23-01-14 13:40:43] [INFO] [DEBUG] SpectateManagerImpl has been loaded. (took 0ms)
[23-01-14 13:40:43] [INFO] [DEBUG] Starting load of BettingManager at 1673674843696
[23-01-14 13:40:43] [INFO] BettingManager: Vault was not found! Money betting feature will be automatically disabled.
[23-01-14 13:40:43] [INFO] [DEBUG] BettingManager has been loaded. (took 0ms)
[23-01-14 13:40:43] [INFO] [DEBUG] Starting load of InventoryManager at 1673674843696
[23-01-14 13:40:43] [INFO] [DEBUG] InventoryManager has been loaded. (took 1ms)
[23-01-14 13:40:43] [INFO] [DEBUG] Starting load of DuelManager at 1673674843697
[23-01-14 13:40:43] [INFO] [DEBUG] DuelManager has been loaded. (took 0ms)
[23-01-14 13:40:43] [INFO] [DEBUG] Starting load of QueueManager at 1673674843697
[23-01-14 13:40:43] [INFO] QueueManager: Loaded 2 queue(s).
[23-01-14 13:40:43] [INFO] [DEBUG] QueueManager has been loaded. (took 3ms)
[23-01-14 13:40:43] [INFO] [DEBUG] Starting load of QueueSignManagerImpl at 1673674843700
[23-01-14 13:40:43] [INFO] QueueSignManagerImpl: Loaded 2 queue sign(s).
[23-01-14 13:40:43] [INFO] [DEBUG] QueueSignManagerImpl has been loaded. (took 12ms)
[23-01-14 13:40:43] [INFO] [DEBUG] Starting load of RequestManager at 1673674843712
[23-01-14 13:40:43] [INFO] [DEBUG] RequestManager has been loaded. (took 0ms)
[23-01-14 13:40:43] [INFO] [DEBUG] Starting load of Teleport at 1673674843712
[23-01-14 13:40:43] [INFO] [DEBUG] Teleport has been loaded. (took 0ms)
[23-01-14 13:40:43] [INFO] [DEBUG] Starting load of ExtensionManager at 1673674843712
[23-01-14 13:40:43] [INFO] [DEBUG] ExtensionManager has been loaded. (took 1ms)
[23-01-14 13:40:44] [INFO] No updates were available. You are on the latest version!
[23-01-14 13:40:55] [INFO] [DEBUG] onDisable start -> 1673674855120

[23-01-14 13:40:55] [INFO] [DEBUG] Starting unload of ExtensionManager at 1673674855123
[23-01-14 13:40:55] [INFO] [DEBUG] ExtensionManager has been unloaded. (took 0ms)
[23-01-14 13:40:55] [INFO] [DEBUG] Starting unload of Teleport at 1673674855123
[23-01-14 13:40:55] [INFO] [DEBUG] Teleport has been unloaded. (took 0ms)
[23-01-14 13:40:55] [INFO] [DEBUG] Starting unload of RequestManager at 1673674855123
[23-01-14 13:40:55] [INFO] [DEBUG] RequestManager has been unloaded. (took 0ms)
[23-01-14 13:40:55] [INFO] [DEBUG] Starting unload of QueueSignManagerImpl at 1673674855123
[23-01-14 13:40:55] [INFO] [DEBUG] QueueSignManagerImpl has been unloaded. (took 1ms)
[23-01-14 13:40:55] [INFO] [DEBUG] Starting unload of QueueManager at 1673674855124
[23-01-14 13:40:55] [INFO] [DEBUG] QueueManager has been unloaded. (took 0ms)
[23-01-14 13:40:55] [INFO] [DEBUG] Starting unload of DuelManager at 1673674855124
[23-01-14 13:40:55] [INFO] [DEBUG] DuelManager has been unloaded. (took 0ms)
[23-01-14 13:40:55] [INFO] [DEBUG] Starting unload of InventoryManager at 1673674855124
[23-01-14 13:40:55] [INFO] [DEBUG] InventoryManager has been unloaded. (took 0ms)
[23-01-14 13:40:55] [INFO] [DEBUG] Starting unload of BettingManager at 1673674855124
[23-01-14 13:40:55] [INFO] [DEBUG] BettingManager has been unloaded. (took 0ms)
[23-01-14 13:40:55] [INFO] [DEBUG] Starting unload of SpectateManagerImpl at 1673674855124
[23-01-14 13:40:55] [INFO] [DEBUG] SpectateManagerImpl has been unloaded. (took 0ms)
[23-01-14 13:40:55] [INFO] [DEBUG] Starting unload of PlayerInfoManager at 1673674855124
[23-01-14 13:40:55] [INFO] [DEBUG] PlayerInfoManager has been unloaded. (took 1ms)
[23-01-14 13:40:55] [INFO] [DEBUG] Starting unload of SettingsManager at 1673674855125
[23-01-14 13:40:55] [INFO] [DEBUG] SettingsManager has been unloaded. (took 0ms)
[23-01-14 13:40:55] [INFO] [DEBUG] Starting unload of ArenaManagerImpl at 1673674855125
[23-01-14 13:40:55] [INFO] [DEBUG] ArenaManagerImpl has been unloaded. (took 0ms)
[23-01-14 13:40:55] [INFO] [DEBUG] Starting unload of KitManagerImpl at 1673674855125
[23-01-14 13:40:55] [INFO] [DEBUG] KitManagerImpl has been unloaded. (took 0ms)
[23-01-14 13:40:55] [INFO] [DEBUG] Starting unload of GuiListener at 1673674855125
[23-01-14 13:40:55] [INFO] [DEBUG] GuiListener has been unloaded. (took 0ms)
[23-01-14 13:40:55] [INFO] [DEBUG] Starting unload of UserManagerImpl at 1673674855125
[23-01-14 13:40:55] [INFO] [DEBUG] UserManagerImpl has been unloaded. (took 0ms)
[23-01-14 13:40:55] [INFO] [DEBUG] Starting unload of Lang at 1673674855125
[23-01-14 13:40:55] [INFO] [DEBUG] Lang has been unloaded. (took 0ms)
[23-01-14 13:40:55] [INFO] [DEBUG] Starting unload of Config at 1673674855125
[23-01-14 13:40:55] [INFO] [DEBUG] Config has been unloaded. (took 0ms)
[23-01-14 13:40:55] [INFO] [DEBUG] unload done (took 5ms)
[23-01-14 13:40:55] [INFO] [DEBUG] Log#clearSources done (took 0ms)
[23-01-14 13:41:04] [INFO] [DEBUG] onEnable start -> 1673674864706

[23-01-14 13:41:04] [INFO] [DEBUG] Starting load of Config at 1673674864735
[23-01-14 13:41:04] [INFO] [DEBUG] Config has been loaded. (took 9ms)
[23-01-14 13:41:04] [INFO] [DEBUG] Starting load of Lang at 1673674864744
[23-01-14 13:41:04] [INFO] [DEBUG] Lang has been loaded. (took 15ms)
[23-01-14 13:41:04] [INFO] [DEBUG] Starting load of UserManagerImpl at 1673674864759
[23-01-14 13:41:04] [INFO] [DEBUG] UserManagerImpl has been loaded. (took 1ms)
[23-01-14 13:41:04] [INFO] [DEBUG] Starting load of GuiListener at 1673674864760
[23-01-14 13:41:04] [INFO] [DEBUG] GuiListener has been loaded. (took 0ms)
[23-01-14 13:41:04] [INFO] [DEBUG] Starting load of KitManagerImpl at 1673674864760
[23-01-14 13:41:04] [INFO] KitManagerImpl: Loaded 2 kit(s).
[23-01-14 13:41:04] [INFO] [DEBUG] KitManagerImpl has been loaded. (took 96ms)
[23-01-14 13:41:04] [INFO] [DEBUG] Starting load of ArenaManagerImpl at 1673674864856
[23-01-14 13:41:04] [INFO] ArenaManagerImpl: Loaded 1 arena(s).
[23-01-14 13:41:04] [INFO] [DEBUG] ArenaManagerImpl has been loaded. (took 7ms)
[23-01-14 13:41:04] [INFO] [DEBUG] Starting load of SettingsManager at 1673674864863
[23-01-14 13:41:04] [INFO] [DEBUG] SettingsManager has been loaded. (took 0ms)
[23-01-14 13:41:04] [INFO] [DEBUG] Starting load of PlayerInfoManager at 1673674864863
[23-01-14 13:41:04] [WARNING] PlayerInfoManager: Lobby location was not set, using world's spawn location as default. Use the command /duels setlobby in-game to set the lobby location.
[23-01-14 13:41:04] [INFO] [DEBUG] PlayerInfoManager has been loaded. (took 1ms)
[23-01-14 13:41:04] [INFO] [DEBUG] Starting load of SpectateManagerImpl at 1673674864864
[23-01-14 13:41:04] [INFO] [DEBUG] SpectateManagerImpl has been loaded. (took 0ms)
[23-01-14 13:41:04] [INFO] [DEBUG] Starting load of BettingManager at 1673674864864
[23-01-14 13:41:04] [INFO] BettingManager: Vault was not found! Money betting feature will be automatically disabled.
[23-01-14 13:41:04] [INFO] [DEBUG] BettingManager has been loaded. (took 0ms)
[23-01-14 13:41:04] [INFO] [DEBUG] Starting load of InventoryManager at 1673674864864
[23-01-14 13:41:04] [INFO] [DEBUG] InventoryManager has been loaded. (took 1ms)
[23-01-14 13:41:04] [INFO] [DEBUG] Starting load of DuelManager at 1673674864865
[23-01-14 13:41:04] [INFO] [DEBUG] DuelManager has been loaded. (took 0ms)
[23-01-14 13:41:04] [INFO] [DEBUG] Starting load of QueueManager at 1673674864865
[23-01-14 13:41:04] [INFO] QueueManager: Loaded 2 queue(s).
[23-01-14 13:41:04] [INFO] [DEBUG] QueueManager has been loaded. (took 4ms)
[23-01-14 13:41:04] [INFO] [DEBUG] Starting load of QueueSignManagerImpl at 1673674864869
[23-01-14 13:41:04] [INFO] QueueSignManagerImpl: Loaded 2 queue sign(s).
[23-01-14 13:41:04] [INFO] [DEBUG] QueueSignManagerImpl has been loaded. (took 12ms)
[23-01-14 13:41:04] [INFO] [DEBUG] Starting load of RequestManager at 1673674864881
[23-01-14 13:41:04] [INFO] [DEBUG] RequestManager has been loaded. (took 0ms)
[23-01-14 13:41:04] [INFO] [DEBUG] Starting load of Teleport at 1673674864881
[23-01-14 13:41:04] [INFO] [DEBUG] Teleport has been loaded. (took 0ms)
[23-01-14 13:41:04] [INFO] [DEBUG] Starting load of ExtensionManager at 1673674864881
[23-01-14 13:41:04] [INFO] [DEBUG] ExtensionManager has been loaded. (took 1ms)
[23-01-14 13:41:05] [INFO] No updates were available. You are on the latest version!
[23-01-14 13:41:10] [INFO] [DEBUG] onDisable start -> 1673674870234

[23-01-14 13:41:10] [INFO] [DEBUG] Starting unload of ExtensionManager at 1673674870237
[23-01-14 13:41:10] [INFO] [DEBUG] ExtensionManager has been unloaded. (took 0ms)
[23-01-14 13:41:10] [INFO] [DEBUG] Starting unload of Teleport at 1673674870237
[23-01-14 13:41:10] [INFO] [DEBUG] Teleport has been unloaded. (took 0ms)
[23-01-14 13:41:10] [INFO] [DEBUG] Starting unload of RequestManager at 1673674870237
[23-01-14 13:41:10] [INFO] [DEBUG] RequestManager has been unloaded. (took 0ms)
[23-01-14 13:41:10] [INFO] [DEBUG] Starting unload of QueueSignManagerImpl at 1673674870237
[23-01-14 13:41:10] [INFO] [DEBUG] QueueSignManagerImpl has been unloaded. (took 1ms)
[23-01-14 13:41:10] [INFO] [DEBUG] Starting unload of QueueManager at 1673674870238
[23-01-14 13:41:10] [INFO] [DEBUG] QueueManager has been unloaded. (took 0ms)
[23-01-14 13:41:10] [INFO] [DEBUG] Starting unload of DuelManager at 1673674870238
[23-01-14 13:41:10] [INFO] [DEBUG] DuelManager has been unloaded. (took 0ms)
[23-01-14 13:41:10] [INFO] [DEBUG] Starting unload of InventoryManager at 1673674870238
[23-01-14 13:41:10] [INFO] [DEBUG] InventoryManager has been unloaded. (took 0ms)
[23-01-14 13:41:10] [INFO] [DEBUG] Starting unload of BettingManager at 1673674870238
[23-01-14 13:41:10] [INFO] [DEBUG] BettingManager has been unloaded. (took 0ms)
[23-01-14 13:41:10] [INFO] [DEBUG] Starting unload of SpectateManagerImpl at 1673674870238
[23-01-14 13:41:10] [INFO] [DEBUG] SpectateManagerImpl has been unloaded. (took 0ms)
[23-01-14 13:41:10] [INFO] [DEBUG] Starting unload of PlayerInfoManager at 1673674870238
[23-01-14 13:41:10] [INFO] [DEBUG] PlayerInfoManager has been unloaded. (took 1ms)
[23-01-14 13:41:10] [INFO] [DEBUG] Starting unload of SettingsManager at 1673674870239
[23-01-14 13:41:10] [INFO] [DEBUG] SettingsManager has been unloaded. (took 0ms)
[23-01-14 13:41:10] [INFO] [DEBUG] Starting unload of ArenaManagerImpl at 1673674870239
[23-01-14 13:41:10] [INFO] [DEBUG] ArenaManagerImpl has been unloaded. (took 0ms)
[23-01-14 13:41:10] [INFO] [DEBUG] Starting unload of KitManagerImpl at 1673674870239
[23-01-14 13:41:10] [INFO] [DEBUG] KitManagerImpl has been unloaded. (took 0ms)
[23-01-14 13:41:10] [INFO] [DEBUG] Starting unload of GuiListener at 1673674870239
[23-01-14 13:41:10] [INFO] [DEBUG] GuiListener has been unloaded. (took 0ms)
[23-01-14 13:41:10] [INFO] [DEBUG] Starting unload of UserManagerImpl at 1673674870239
[23-01-14 13:41:10] [INFO] [DEBUG] UserManagerImpl has been unloaded. (took 1ms)
[23-01-14 13:41:10] [INFO] [DEBUG] Starting unload of Lang at 1673674870240
[23-01-14 13:41:10] [INFO] [DEBUG] Lang has been unloaded. (took 0ms)
[23-01-14 13:41:10] [INFO] [DEBUG] Starting unload of Config at 1673674870240
[23-01-14 13:41:10] [INFO] [DEBUG] Config has been unloaded. (took 0ms)
[23-01-14 13:41:10] [INFO] [DEBUG] unload done (took 6ms)
[23-01-14 13:41:10] [INFO] [DEBUG] Log#clearSources done (took 0ms)
[23-01-14 13:41:22] [INFO] [DEBUG] onEnable start -> 1673674882429

[23-01-14 13:41:22] [INFO] [DEBUG] Starting load of Config at 1673674882460
[23-01-14 13:41:22] [INFO] [DEBUG] Config has been loaded. (took 8ms)
[23-01-14 13:41:22] [INFO] [DEBUG] Starting load of Lang at 1673674882468
[23-01-14 13:41:22] [INFO] [DEBUG] Lang has been loaded. (took 16ms)
[23-01-14 13:41:22] [INFO] [DEBUG] Starting load of UserManagerImpl at 1673674882484
[23-01-14 13:41:22] [INFO] [DEBUG] UserManagerImpl has been loaded. (took 0ms)
[23-01-14 13:41:22] [INFO] [DEBUG] Starting load of GuiListener at 1673674882485
[23-01-14 13:41:22] [INFO] [DEBUG] GuiListener has been loaded. (took 0ms)
[23-01-14 13:41:22] [INFO] [DEBUG] Starting load of KitManagerImpl at 1673674882485
[23-01-14 13:41:22] [INFO] KitManagerImpl: Loaded 2 kit(s).
[23-01-14 13:41:22] [INFO] [DEBUG] KitManagerImpl has been loaded. (took 117ms)
[23-01-14 13:41:22] [INFO] [DEBUG] Starting load of ArenaManagerImpl at 1673674882603
[23-01-14 13:41:22] [INFO] ArenaManagerImpl: Loaded 1 arena(s).
[23-01-14 13:41:22] [INFO] [DEBUG] ArenaManagerImpl has been loaded. (took 7ms)
[23-01-14 13:41:22] [INFO] [DEBUG] Starting load of SettingsManager at 1673674882610
[23-01-14 13:41:22] [INFO] [DEBUG] SettingsManager has been loaded. (took 0ms)
[23-01-14 13:41:22] [INFO] [DEBUG] Starting load of PlayerInfoManager at 1673674882610
[23-01-14 13:41:22] [WARNING] PlayerInfoManager: Lobby location was not set, using world's spawn location as default. Use the command /duels setlobby in-game to set the lobby location.
[23-01-14 13:41:22] [INFO] [DEBUG] PlayerInfoManager has been loaded. (took 1ms)
[23-01-14 13:41:22] [INFO] [DEBUG] Starting load of SpectateManagerImpl at 1673674882611
[23-01-14 13:41:22] [INFO] [DEBUG] SpectateManagerImpl has been loaded. (took 0ms)
[23-01-14 13:41:22] [INFO] [DEBUG] Starting load of BettingManager at 1673674882611
[23-01-14 13:41:22] [INFO] BettingManager: Vault was not found! Money betting feature will be automatically disabled.
[23-01-14 13:41:22] [INFO] [DEBUG] BettingManager has been loaded. (took 0ms)
[23-01-14 13:41:22] [INFO] [DEBUG] Starting load of InventoryManager at 1673674882612
[23-01-14 13:41:22] [INFO] [DEBUG] InventoryManager has been loaded. (took 0ms)
[23-01-14 13:41:22] [INFO] [DEBUG] Starting load of DuelManager at 1673674882612
[23-01-14 13:41:22] [INFO] [DEBUG] DuelManager has been loaded. (took 0ms)
[23-01-14 13:41:22] [INFO] [DEBUG] Starting load of QueueManager at 1673674882612
[23-01-14 13:41:22] [INFO] QueueManager: Loaded 2 queue(s).
[23-01-14 13:41:22] [INFO] [DEBUG] QueueManager has been loaded. (took 2ms)
[23-01-14 13:41:22] [INFO] [DEBUG] Starting load of QueueSignManagerImpl at 1673674882615
[23-01-14 13:41:22] [INFO] QueueSignManagerImpl: Loaded 2 queue sign(s).
[23-01-14 13:41:22] [INFO] [DEBUG] QueueSignManagerImpl has been loaded. (took 14ms)
[23-01-14 13:41:22] [INFO] [DEBUG] Starting load of RequestManager at 1673674882629
[23-01-14 13:41:22] [INFO] [DEBUG] RequestManager has been loaded. (took 0ms)
[23-01-14 13:41:22] [INFO] [DEBUG] Starting load of Teleport at 1673674882629
[23-01-14 13:41:22] [INFO] [DEBUG] Teleport has been loaded. (took 0ms)
[23-01-14 13:41:22] [INFO] [DEBUG] Starting load of ExtensionManager at 1673674882629
[23-01-14 13:41:22] [INFO] [DEBUG] ExtensionManager has been loaded. (took 0ms)
[23-01-14 13:41:25] [INFO] No updates were available. You are on the latest version!
[23-01-14 13:41:52] [INFO] [DEBUG] onDisable start -> 1673674912360

[23-01-14 13:41:52] [INFO] [DEBUG] Starting unload of ExtensionManager at 1673674912362
[23-01-14 13:41:52] [INFO] [DEBUG] ExtensionManager has been unloaded. (took 1ms)
[23-01-14 13:41:52] [INFO] [DEBUG] Starting unload of Teleport at 1673674912363
[23-01-14 13:41:52] [INFO] [DEBUG] Teleport has been unloaded. (took 0ms)
[23-01-14 13:41:52] [INFO] [DEBUG] Starting unload of RequestManager at 1673674912363
[23-01-14 13:41:52] [INFO] [DEBUG] RequestManager has been unloaded. (took 0ms)
[23-01-14 13:41:52] [INFO] [DEBUG] Starting unload of QueueSignManagerImpl at 1673674912363
[23-01-14 13:41:52] [INFO] [DEBUG] QueueSignManagerImpl has been unloaded. (took 0ms)
[23-01-14 13:41:52] [INFO] [DEBUG] Starting unload of QueueManager at 1673674912363
[23-01-14 13:41:52] [INFO] [DEBUG] QueueManager has been unloaded. (took 0ms)
[23-01-14 13:41:52] [INFO] [DEBUG] Starting unload of DuelManager at 1673674912363
[23-01-14 13:41:52] [INFO] [DEBUG] DuelManager has been unloaded. (took 0ms)
[23-01-14 13:41:52] [INFO] [DEBUG] Starting unload of InventoryManager at 1673674912363
[23-01-14 13:41:52] [INFO] [DEBUG] InventoryManager has been unloaded. (took 0ms)
[23-01-14 13:41:52] [INFO] [DEBUG] Starting unload of BettingManager at 1673674912363
[23-01-14 13:41:52] [INFO] [DEBUG] BettingManager has been unloaded. (took 0ms)
[23-01-14 13:41:52] [INFO] [DEBUG] Starting unload of SpectateManagerImpl at 1673674912363
[23-01-14 13:41:52] [INFO] [DEBUG] SpectateManagerImpl has been unloaded. (took 0ms)
[23-01-14 13:41:52] [INFO] [DEBUG] Starting unload of PlayerInfoManager at 1673674912363
[23-01-14 13:41:52] [INFO] [DEBUG] PlayerInfoManager has been unloaded. (took 1ms)
[23-01-14 13:41:52] [INFO] [DEBUG] Starting unload of SettingsManager at 1673674912364
[23-01-14 13:41:52] [INFO] [DEBUG] SettingsManager has been unloaded. (took 0ms)
[23-01-14 13:41:52] [INFO] [DEBUG] Starting unload of ArenaManagerImpl at 1673674912364
[23-01-14 13:41:52] [INFO] [DEBUG] ArenaManagerImpl has been unloaded. (took 0ms)
[23-01-14 13:41:52] [INFO] [DEBUG] Starting unload of KitManagerImpl at 1673674912364
[23-01-14 13:41:52] [INFO] [DEBUG] KitManagerImpl has been unloaded. (took 0ms)
[23-01-14 13:41:52] [INFO] [DEBUG] Starting unload of GuiListener at 1673674912364
[23-01-14 13:41:52] [INFO] [DEBUG] GuiListener has been unloaded. (took 0ms)
[23-01-14 13:41:52] [INFO] [DEBUG] Starting unload of UserManagerImpl at 1673674912364
[23-01-14 13:41:52] [INFO] [DEBUG] UserManagerImpl has been unloaded. (took 0ms)
[23-01-14 13:41:52] [INFO] [DEBUG] Starting unload of Lang at 1673674912364
[23-01-14 13:41:52] [INFO] [DEBUG] Lang has been unloaded. (took 0ms)
[23-01-14 13:41:52] [INFO] [DEBUG] Starting unload of Config at 1673674912364
[23-01-14 13:41:52] [INFO] [DEBUG] Config has been unloaded. (took 0ms)
[23-01-14 13:41:52] [INFO] [DEBUG] unload done (took 4ms)
[23-01-14 13:41:52] [INFO] [DEBUG] Log#clearSources done (took 0ms)
