[23-01-27 18:28:37] [INFO] [DEBUG] onEnable start -> 1674815317212

[23-01-27 18:28:37] [INFO] [DEBUG] Starting load of Config at 1674815317254
[23-01-27 18:28:37] [INFO] [DEBUG] Config has been loaded. (took 8ms)
[23-01-27 18:28:37] [INFO] [DEBUG] Starting load of Lang at 1674815317262
[23-01-27 18:28:37] [INFO] [DEBUG] Lang has been loaded. (took 17ms)
[23-01-27 18:28:37] [INFO] [DEBUG] Starting load of UserManagerImpl at 1674815317279
[23-01-27 18:28:37] [INFO] [DEBUG] UserManagerImpl has been loaded. (took 0ms)
[23-01-27 18:28:37] [INFO] [DEBUG] Starting load of GuiListener at 1674815317280
[23-01-27 18:28:37] [INFO] [DEBUG] GuiListener has been loaded. (took 0ms)
[23-01-27 18:28:37] [INFO] [DEBUG] Starting load of KitManagerImpl at 1674815317280
[23-01-27 18:28:37] [INFO] KitManagerImpl: Loaded 2 kit(s).
[23-01-27 18:28:37] [INFO] [DEBUG] KitManagerImpl has been loaded. (took 104ms)
[23-01-27 18:28:37] [INFO] [DEBUG] Starting load of ArenaManagerImpl at 1674815317384
[23-01-27 18:28:37] [INFO] ArenaManagerImpl: Loaded 1 arena(s).
[23-01-27 18:28:37] [INFO] [DEBUG] ArenaManagerImpl has been loaded. (took 10ms)
[23-01-27 18:28:37] [INFO] [DEBUG] Starting load of SettingsManager at 1674815317394
[23-01-27 18:28:37] [INFO] [DEBUG] SettingsManager has been loaded. (took 0ms)
[23-01-27 18:28:37] [INFO] [DEBUG] Starting load of PlayerInfoManager at 1674815317394
[23-01-27 18:28:37] [WARNING] PlayerInfoManager: Lobby location was not set, using world's spawn location as default. Use the command /duels setlobby in-game to set the lobby location.
[23-01-27 18:28:37] [INFO] [DEBUG] PlayerInfoManager has been loaded. (took 1ms)
[23-01-27 18:28:37] [INFO] [DEBUG] Starting load of SpectateManagerImpl at 1674815317395
[23-01-27 18:28:37] [INFO] [DEBUG] SpectateManagerImpl has been loaded. (took 0ms)
[23-01-27 18:28:37] [INFO] [DEBUG] Starting load of BettingManager at 1674815317395
[23-01-27 18:28:37] [INFO] BettingManager: Vault was not found! Money betting feature will be automatically disabled.
[23-01-27 18:28:37] [INFO] [DEBUG] BettingManager has been loaded. (took 0ms)
[23-01-27 18:28:37] [INFO] [DEBUG] Starting load of InventoryManager at 1674815317395
[23-01-27 18:28:37] [INFO] [DEBUG] InventoryManager has been loaded. (took 1ms)
[23-01-27 18:28:37] [INFO] [DEBUG] Starting load of DuelManager at 1674815317396
[23-01-27 18:28:37] [INFO] [DEBUG] DuelManager has been loaded. (took 0ms)
[23-01-27 18:28:37] [INFO] [DEBUG] Starting load of QueueManager at 1674815317396
[23-01-27 18:28:37] [INFO] QueueManager: Loaded 2 queue(s).
[23-01-27 18:28:37] [INFO] [DEBUG] QueueManager has been loaded. (took 5ms)
[23-01-27 18:28:37] [INFO] [DEBUG] Starting load of QueueSignManagerImpl at 1674815317401
[23-01-27 18:28:37] [INFO] QueueSignManagerImpl: Loaded 2 queue sign(s).
[23-01-27 18:28:37] [INFO] [DEBUG] QueueSignManagerImpl has been loaded. (took 7ms)
[23-01-27 18:28:37] [INFO] [DEBUG] Starting load of RequestManager at 1674815317408
[23-01-27 18:28:37] [INFO] [DEBUG] RequestManager has been loaded. (took 0ms)
[23-01-27 18:28:37] [INFO] [DEBUG] Starting load of Teleport at 1674815317408
[23-01-27 18:28:37] [INFO] [DEBUG] Teleport has been loaded. (took 0ms)
[23-01-27 18:28:37] [INFO] [DEBUG] Starting load of ExtensionManager at 1674815317408
[23-01-27 18:28:37] [INFO] [DEBUG] ExtensionManager has been loaded. (took 1ms)
[23-01-27 18:28:38] [INFO] No updates were available. You are on the latest version!
[23-01-27 18:37:34] [INFO] [DEBUG] onDisable start -> 1674815854357

[23-01-27 18:37:34] [INFO] [DEBUG] Starting unload of ExtensionManager at 1674815854359
[23-01-27 18:37:34] [INFO] [DEBUG] ExtensionManager has been unloaded. (took 0ms)
[23-01-27 18:37:34] [INFO] [DEBUG] Starting unload of Teleport at 1674815854359
[23-01-27 18:37:34] [INFO] [DEBUG] Teleport has been unloaded. (took 0ms)
[23-01-27 18:37:34] [INFO] [DEBUG] Starting unload of RequestManager at 1674815854359
[23-01-27 18:37:34] [INFO] [DEBUG] RequestManager has been unloaded. (took 0ms)
[23-01-27 18:37:34] [INFO] [DEBUG] Starting unload of QueueSignManagerImpl at 1674815854359
[23-01-27 18:37:34] [INFO] [DEBUG] QueueSignManagerImpl has been unloaded. (took 0ms)
[23-01-27 18:37:34] [INFO] [DEBUG] Starting unload of QueueManager at 1674815854359
[23-01-27 18:37:34] [INFO] [DEBUG] QueueManager has been unloaded. (took 0ms)
[23-01-27 18:37:34] [INFO] [DEBUG] Starting unload of DuelManager at 1674815854359
[23-01-27 18:37:34] [INFO] [DEBUG] DuelManager has been unloaded. (took 0ms)
[23-01-27 18:37:34] [INFO] [DEBUG] Starting unload of InventoryManager at 1674815854359
[23-01-27 18:37:34] [INFO] [DEBUG] InventoryManager has been unloaded. (took 0ms)
[23-01-27 18:37:34] [INFO] [DEBUG] Starting unload of BettingManager at 1674815854360
[23-01-27 18:37:34] [INFO] [DEBUG] BettingManager has been unloaded. (took 0ms)
[23-01-27 18:37:34] [INFO] [DEBUG] Starting unload of SpectateManagerImpl at 1674815854360
[23-01-27 18:37:34] [INFO] [DEBUG] SpectateManagerImpl has been unloaded. (took 0ms)
[23-01-27 18:37:34] [INFO] [DEBUG] Starting unload of PlayerInfoManager at 1674815854360
[23-01-27 18:37:34] [INFO] [DEBUG] PlayerInfoManager has been unloaded. (took 0ms)
[23-01-27 18:37:34] [INFO] [DEBUG] Starting unload of SettingsManager at 1674815854360
[23-01-27 18:37:34] [INFO] [DEBUG] SettingsManager has been unloaded. (took 0ms)
[23-01-27 18:37:34] [INFO] [DEBUG] Starting unload of ArenaManagerImpl at 1674815854360
[23-01-27 18:37:34] [INFO] [DEBUG] ArenaManagerImpl has been unloaded. (took 0ms)
[23-01-27 18:37:34] [INFO] [DEBUG] Starting unload of KitManagerImpl at 1674815854360
[23-01-27 18:37:34] [INFO] [DEBUG] KitManagerImpl has been unloaded. (took 0ms)
[23-01-27 18:37:34] [INFO] [DEBUG] Starting unload of GuiListener at 1674815854360
[23-01-27 18:37:34] [INFO] [DEBUG] GuiListener has been unloaded. (took 1ms)
[23-01-27 18:37:34] [INFO] [DEBUG] Starting unload of UserManagerImpl at 1674815854361
[23-01-27 18:37:34] [INFO] [DEBUG] UserManagerImpl has been unloaded. (took 14ms)
[23-01-27 18:37:34] [INFO] [DEBUG] Starting unload of Lang at 1674815854375
[23-01-27 18:37:34] [INFO] [DEBUG] Lang has been unloaded. (took 0ms)
[23-01-27 18:37:34] [INFO] [DEBUG] Starting unload of Config at 1674815854375
[23-01-27 18:37:34] [INFO] [DEBUG] Config has been unloaded. (took 0ms)
[23-01-27 18:37:34] [INFO] [DEBUG] unload done (took 18ms)
[23-01-27 18:37:34] [INFO] [DEBUG] Log#clearSources done (took 0ms)
