[23-01-26 21:08:26] [INFO] [DEBUG] onEnable start -> 1674738506780

[23-01-26 21:08:26] [INFO] [DEBUG] Starting load of Config at 1674738506859
[23-01-26 21:08:26] [INFO] [DEBUG] Config has been loaded. (took 11ms)
[23-01-26 21:08:26] [INFO] [DEBUG] Starting load of Lang at 1674738506870
[23-01-26 21:08:26] [INFO] [DEBUG] Lang has been loaded. (took 25ms)
[23-01-26 21:08:26] [INFO] [DEBUG] Starting load of UserManagerImpl at 1674738506896
[23-01-26 21:08:26] [INFO] [DEBUG] UserManagerImpl has been loaded. (took 2ms)
[23-01-26 21:08:26] [INFO] [DEBUG] Starting load of GuiListener at 1674738506898
[23-01-26 21:08:26] [INFO] [DEBUG] GuiListener has been loaded. (took 0ms)
[23-01-26 21:08:26] [INFO] [DEBUG] Starting load of KitManagerImpl at 1674738506898
[23-01-26 21:08:27] [INFO] KitManagerImpl: Loaded 2 kit(s).
[23-01-26 21:08:27] [INFO] [DEBUG] KitManagerImpl has been loaded. (took 148ms)
[23-01-26 21:08:27] [INFO] [DEBUG] Starting load of ArenaManagerImpl at 1674738507046
[23-01-26 21:08:27] [INFO] ArenaManagerImpl: Loaded 1 arena(s).
[23-01-26 21:08:27] [INFO] [DEBUG] ArenaManagerImpl has been loaded. (took 19ms)
[23-01-26 21:08:27] [INFO] [DEBUG] Starting load of SettingsManager at 1674738507065
[23-01-26 21:08:27] [INFO] [DEBUG] SettingsManager has been loaded. (took 0ms)
[23-01-26 21:08:27] [INFO] [DEBUG] Starting load of PlayerInfoManager at 1674738507065
[23-01-26 21:08:27] [WARNING] PlayerInfoManager: Lobby location was not set, using world's spawn location as default. Use the command /duels setlobby in-game to set the lobby location.
[23-01-26 21:08:27] [INFO] [DEBUG] PlayerInfoManager has been loaded. (took 2ms)
[23-01-26 21:08:27] [INFO] [DEBUG] Starting load of SpectateManagerImpl at 1674738507067
[23-01-26 21:08:27] [INFO] [DEBUG] SpectateManagerImpl has been loaded. (took 0ms)
[23-01-26 21:08:27] [INFO] [DEBUG] Starting load of BettingManager at 1674738507067
[23-01-26 21:08:27] [INFO] BettingManager: Vault was not found! Money betting feature will be automatically disabled.
[23-01-26 21:08:27] [INFO] [DEBUG] BettingManager has been loaded. (took 0ms)
[23-01-26 21:08:27] [INFO] [DEBUG] Starting load of InventoryManager at 1674738507067
[23-01-26 21:08:27] [INFO] [DEBUG] InventoryManager has been loaded. (took 1ms)
[23-01-26 21:08:27] [INFO] [DEBUG] Starting load of DuelManager at 1674738507068
[23-01-26 21:08:27] [INFO] [DEBUG] DuelManager has been loaded. (took 0ms)
[23-01-26 21:08:27] [INFO] [DEBUG] Starting load of QueueManager at 1674738507068
[23-01-26 21:08:27] [INFO] QueueManager: Loaded 2 queue(s).
[23-01-26 21:08:27] [INFO] [DEBUG] QueueManager has been loaded. (took 8ms)
[23-01-26 21:08:27] [INFO] [DEBUG] Starting load of QueueSignManagerImpl at 1674738507076
[23-01-26 21:08:27] [INFO] QueueSignManagerImpl: Loaded 2 queue sign(s).
[23-01-26 21:08:27] [INFO] [DEBUG] QueueSignManagerImpl has been loaded. (took 8ms)
[23-01-26 21:08:27] [INFO] [DEBUG] Starting load of RequestManager at 1674738507084
[23-01-26 21:08:27] [INFO] [DEBUG] RequestManager has been loaded. (took 0ms)
[23-01-26 21:08:27] [INFO] [DEBUG] Starting load of Teleport at 1674738507084
[23-01-26 21:08:27] [INFO] [DEBUG] Teleport has been loaded. (took 0ms)
[23-01-26 21:08:27] [INFO] [DEBUG] Starting load of ExtensionManager at 1674738507085
[23-01-26 21:08:27] [INFO] [DEBUG] ExtensionManager has been loaded. (took 0ms)
[23-01-26 21:08:29] [INFO] No updates were available. You are on the latest version!
[23-01-26 21:53:30] [INFO] [DEBUG] onDisable start -> 1674741210353

[23-01-26 21:53:30] [INFO] [DEBUG] Starting unload of ExtensionManager at 1674741210355
[23-01-26 21:53:30] [INFO] [DEBUG] ExtensionManager has been unloaded. (took 0ms)
[23-01-26 21:53:30] [INFO] [DEBUG] Starting unload of Teleport at 1674741210355
[23-01-26 21:53:30] [INFO] [DEBUG] Teleport has been unloaded. (took 0ms)
[23-01-26 21:53:30] [INFO] [DEBUG] Starting unload of RequestManager at 1674741210355
[23-01-26 21:53:30] [INFO] [DEBUG] RequestManager has been unloaded. (took 0ms)
[23-01-26 21:53:30] [INFO] [DEBUG] Starting unload of QueueSignManagerImpl at 1674741210355
[23-01-26 21:53:30] [INFO] [DEBUG] QueueSignManagerImpl has been unloaded. (took 1ms)
[23-01-26 21:53:30] [INFO] [DEBUG] Starting unload of QueueManager at 1674741210356
[23-01-26 21:53:30] [INFO] [DEBUG] QueueManager has been unloaded. (took 0ms)
[23-01-26 21:53:30] [INFO] [DEBUG] Starting unload of DuelManager at 1674741210356
[23-01-26 21:53:30] [INFO] [DEBUG] DuelManager has been unloaded. (took 0ms)
[23-01-26 21:53:30] [INFO] [DEBUG] Starting unload of InventoryManager at 1674741210356
[23-01-26 21:53:30] [INFO] [DEBUG] InventoryManager has been unloaded. (took 0ms)
[23-01-26 21:53:30] [INFO] [DEBUG] Starting unload of BettingManager at 1674741210356
[23-01-26 21:53:30] [INFO] [DEBUG] BettingManager has been unloaded. (took 0ms)
[23-01-26 21:53:30] [INFO] [DEBUG] Starting unload of SpectateManagerImpl at 1674741210356
[23-01-26 21:53:30] [INFO] [DEBUG] SpectateManagerImpl has been unloaded. (took 0ms)
[23-01-26 21:53:30] [INFO] [DEBUG] Starting unload of PlayerInfoManager at 1674741210356
[23-01-26 21:53:30] [INFO] [DEBUG] PlayerInfoManager has been unloaded. (took 1ms)
[23-01-26 21:53:30] [INFO] [DEBUG] Starting unload of SettingsManager at 1674741210357
[23-01-26 21:53:30] [INFO] [DEBUG] SettingsManager has been unloaded. (took 0ms)
[23-01-26 21:53:30] [INFO] [DEBUG] Starting unload of ArenaManagerImpl at 1674741210357
[23-01-26 21:53:30] [INFO] [DEBUG] ArenaManagerImpl has been unloaded. (took 0ms)
[23-01-26 21:53:30] [INFO] [DEBUG] Starting unload of KitManagerImpl at 1674741210357
[23-01-26 21:53:30] [INFO] [DEBUG] KitManagerImpl has been unloaded. (took 0ms)
[23-01-26 21:53:30] [INFO] [DEBUG] Starting unload of GuiListener at 1674741210357
[23-01-26 21:53:30] [INFO] [DEBUG] GuiListener has been unloaded. (took 0ms)
[23-01-26 21:53:30] [INFO] [DEBUG] Starting unload of UserManagerImpl at 1674741210357
[23-01-26 21:53:30] [INFO] [DEBUG] UserManagerImpl has been unloaded. (took 13ms)
[23-01-26 21:53:30] [INFO] [DEBUG] Starting unload of Lang at 1674741210370
[23-01-26 21:53:30] [INFO] [DEBUG] Lang has been unloaded. (took 0ms)
[23-01-26 21:53:30] [INFO] [DEBUG] Starting unload of Config at 1674741210370
[23-01-26 21:53:30] [INFO] [DEBUG] Config has been unloaded. (took 0ms)
[23-01-26 21:53:30] [INFO] [DEBUG] unload done (took 17ms)
[23-01-26 21:53:30] [INFO] [DEBUG] Log#clearSources done (took 0ms)
