[23-01-20 13:24:53] [INFO] [DEBUG] onEnable start -> 1674192293149

[23-01-20 13:24:53] [INFO] [DEBUG] Starting load of Config at 1674192293204
[23-01-20 13:24:53] [INFO] [DEBUG] Config has been loaded. (took 10ms)
[23-01-20 13:24:53] [INFO] [DEBUG] Starting load of Lang at 1674192293214
[23-01-20 13:24:53] [INFO] [DEBUG] Lang has been loaded. (took 19ms)
[23-01-20 13:24:53] [INFO] [DEBUG] Starting load of UserManagerImpl at 1674192293234
[23-01-20 13:24:53] [INFO] [DEBUG] UserManagerImpl has been loaded. (took 1ms)
[23-01-20 13:24:53] [INFO] [DEBUG] Starting load of GuiListener at 1674192293235
[23-01-20 13:24:53] [INFO] [DEBUG] GuiListener has been loaded. (took 0ms)
[23-01-20 13:24:53] [INFO] [DEBUG] Starting load of KitManagerImpl at 1674192293236
[23-01-20 13:24:53] [INFO] KitManagerImpl: Loaded 2 kit(s).
[23-01-20 13:24:53] [INFO] [DEBUG] KitManagerImpl has been loaded. (took 95ms)
[23-01-20 13:24:53] [INFO] [DEBUG] Starting load of ArenaManagerImpl at 1674192293331
[23-01-20 13:24:53] [INFO] ArenaManagerImpl: Loaded 1 arena(s).
[23-01-20 13:24:53] [INFO] [DEBUG] ArenaManagerImpl has been loaded. (took 9ms)
[23-01-20 13:24:53] [INFO] [DEBUG] Starting load of SettingsManager at 1674192293340
[23-01-20 13:24:53] [INFO] [DEBUG] SettingsManager has been loaded. (took 0ms)
[23-01-20 13:24:53] [INFO] [DEBUG] Starting load of PlayerInfoManager at 1674192293340
[23-01-20 13:24:53] [WARNING] PlayerInfoManager: Lobby location was not set, using world's spawn location as default. Use the command /duels setlobby in-game to set the lobby location.
[23-01-20 13:24:53] [INFO] [DEBUG] PlayerInfoManager has been loaded. (took 0ms)
[23-01-20 13:24:53] [INFO] [DEBUG] Starting load of SpectateManagerImpl at 1674192293341
[23-01-20 13:24:53] [INFO] [DEBUG] SpectateManagerImpl has been loaded. (took 0ms)
[23-01-20 13:24:53] [INFO] [DEBUG] Starting load of BettingManager at 1674192293341
[23-01-20 13:24:53] [INFO] BettingManager: Vault was not found! Money betting feature will be automatically disabled.
[23-01-20 13:24:53] [INFO] [DEBUG] BettingManager has been loaded. (took 0ms)
[23-01-20 13:24:53] [INFO] [DEBUG] Starting load of InventoryManager at 1674192293341
[23-01-20 13:24:53] [INFO] [DEBUG] InventoryManager has been loaded. (took 0ms)
[23-01-20 13:24:53] [INFO] [DEBUG] Starting load of DuelManager at 1674192293341
[23-01-20 13:24:53] [INFO] [DEBUG] DuelManager has been loaded. (took 0ms)
[23-01-20 13:24:53] [INFO] [DEBUG] Starting load of QueueManager at 1674192293341
[23-01-20 13:24:53] [INFO] QueueManager: Loaded 2 queue(s).
[23-01-20 13:24:53] [INFO] [DEBUG] QueueManager has been loaded. (took 3ms)
[23-01-20 13:24:53] [INFO] [DEBUG] Starting load of QueueSignManagerImpl at 1674192293344
[23-01-20 13:24:53] [INFO] QueueSignManagerImpl: Loaded 2 queue sign(s).
[23-01-20 13:24:53] [INFO] [DEBUG] QueueSignManagerImpl has been loaded. (took 6ms)
[23-01-20 13:24:53] [INFO] [DEBUG] Starting load of RequestManager at 1674192293350
[23-01-20 13:24:53] [INFO] [DEBUG] RequestManager has been loaded. (took 1ms)
[23-01-20 13:24:53] [INFO] [DEBUG] Starting load of Teleport at 1674192293351
[23-01-20 13:24:53] [INFO] [DEBUG] Teleport has been loaded. (took 0ms)
[23-01-20 13:24:53] [INFO] [DEBUG] Starting load of ExtensionManager at 1674192293351
[23-01-20 13:24:53] [INFO] [DEBUG] ExtensionManager has been loaded. (took 0ms)
[23-01-20 13:24:54] [INFO] No updates were available. You are on the latest version!
[23-01-20 13:28:06] [SEVERE] UserManagerImpl: An error occured while loading userdata of HuoChaiSAMA!
com.fasterxml.jackson.databind.exc.MismatchedInputException: No content to map due to end-of-input
 at [Source: (InputStreamReader); line: 1, column: 0]
	at com.fasterxml.jackson.databind.exc.MismatchedInputException.from(MismatchedInputException.java:59)
	at com.fasterxml.jackson.databind.ObjectMapper._initForReading(ObjectMapper.java:4765)
	at com.fasterxml.jackson.databind.ObjectMapper._readMapAndClose(ObjectMapper.java:4667)
	at com.fasterxml.jackson.databind.ObjectMapper.readValue(ObjectMapper.java:3642)
	at me.realized.duels.data.UserManagerImpl.tryLoad(UserManagerImpl.java:259)
	at me.realized.duels.data.UserManagerImpl.lambda$on$8(UserManagerImpl.java:313)
	at org.bukkit.craftbukkit.v1_8_R3.scheduler.CraftTask.run(CraftTask.java:71)
	at org.bukkit.craftbukkit.v1_8_R3.scheduler.CraftAsyncTask.run(CraftAsyncTask.java:53)
	at java.base/java.util.concurrent.ThreadPoolExecutor.runWorker(ThreadPoolExecutor.java:1128)
	at java.base/java.util.concurrent.ThreadPoolExecutor$Worker.run(ThreadPoolExecutor.java:628)
	at java.base/java.lang.Thread.run(Thread.java:829)
[23-01-20 13:43:37] [INFO] [DEBUG] onDisable start -> 1674193417644

[23-01-20 13:43:37] [INFO] [DEBUG] Starting unload of ExtensionManager at 1674193417645
[23-01-20 13:43:37] [INFO] [DEBUG] ExtensionManager has been unloaded. (took 0ms)
[23-01-20 13:43:37] [INFO] [DEBUG] Starting unload of Teleport at 1674193417645
[23-01-20 13:43:37] [INFO] [DEBUG] Teleport has been unloaded. (took 0ms)
[23-01-20 13:43:37] [INFO] [DEBUG] Starting unload of RequestManager at 1674193417645
[23-01-20 13:43:37] [INFO] [DEBUG] RequestManager has been unloaded. (took 0ms)
[23-01-20 13:43:37] [INFO] [DEBUG] Starting unload of QueueSignManagerImpl at 1674193417645
[23-01-20 13:43:37] [INFO] [DEBUG] QueueSignManagerImpl has been unloaded. (took 1ms)
[23-01-20 13:43:37] [INFO] [DEBUG] Starting unload of QueueManager at 1674193417646
[23-01-20 13:43:37] [INFO] [DEBUG] QueueManager has been unloaded. (took 0ms)
[23-01-20 13:43:37] [INFO] [DEBUG] Starting unload of DuelManager at 1674193417646
[23-01-20 13:43:37] [INFO] [DEBUG] DuelManager has been unloaded. (took 0ms)
[23-01-20 13:43:37] [INFO] [DEBUG] Starting unload of InventoryManager at 1674193417646
[23-01-20 13:43:37] [INFO] [DEBUG] InventoryManager has been unloaded. (took 0ms)
[23-01-20 13:43:37] [INFO] [DEBUG] Starting unload of BettingManager at 1674193417646
[23-01-20 13:43:37] [INFO] [DEBUG] BettingManager has been unloaded. (took 0ms)
[23-01-20 13:43:37] [INFO] [DEBUG] Starting unload of SpectateManagerImpl at 1674193417646
[23-01-20 13:43:37] [INFO] [DEBUG] SpectateManagerImpl has been unloaded. (took 0ms)
[23-01-20 13:43:37] [INFO] [DEBUG] Starting unload of PlayerInfoManager at 1674193417646
[23-01-20 13:43:37] [INFO] [DEBUG] PlayerInfoManager has been unloaded. (took 1ms)
[23-01-20 13:43:37] [INFO] [DEBUG] Starting unload of SettingsManager at 1674193417647
[23-01-20 13:43:37] [INFO] [DEBUG] SettingsManager has been unloaded. (took 0ms)
[23-01-20 13:43:37] [INFO] [DEBUG] Starting unload of ArenaManagerImpl at 1674193417647
[23-01-20 13:43:37] [INFO] [DEBUG] ArenaManagerImpl has been unloaded. (took 0ms)
[23-01-20 13:43:37] [INFO] [DEBUG] Starting unload of KitManagerImpl at 1674193417647
[23-01-20 13:43:37] [INFO] [DEBUG] KitManagerImpl has been unloaded. (took 0ms)
[23-01-20 13:43:37] [INFO] [DEBUG] Starting unload of GuiListener at 1674193417647
[23-01-20 13:43:37] [INFO] [DEBUG] GuiListener has been unloaded. (took 0ms)
[23-01-20 13:43:37] [INFO] [DEBUG] Starting unload of UserManagerImpl at 1674193417647
[23-01-20 13:43:37] [INFO] [DEBUG] UserManagerImpl has been unloaded. (took 0ms)
[23-01-20 13:43:37] [INFO] [DEBUG] Starting unload of Lang at 1674193417647
[23-01-20 13:43:37] [INFO] [DEBUG] Lang has been unloaded. (took 0ms)
[23-01-20 13:43:37] [INFO] [DEBUG] Starting unload of Config at 1674193417647
[23-01-20 13:43:37] [INFO] [DEBUG] Config has been unloaded. (took 0ms)
[23-01-20 13:43:37] [INFO] [DEBUG] unload done (took 3ms)
[23-01-20 13:43:37] [INFO] [DEBUG] Log#clearSources done (took 0ms)
