[23-01-19 12:09:30] [INFO] [DEBUG] onEnable start -> 1674101370607

[23-01-19 12:09:30] [INFO] [DEBUG] Starting load of Config at 1674101370654
[23-01-19 12:09:30] [INFO] [DEBUG] Config has been loaded. (took 8ms)
[23-01-19 12:09:30] [INFO] [DEBUG] Starting load of Lang at 1674101370662
[23-01-19 12:09:30] [INFO] [DEBUG] Lang has been loaded. (took 15ms)
[23-01-19 12:09:30] [INFO] [DEBUG] Starting load of UserManagerImpl at 1674101370677
[23-01-19 12:09:30] [INFO] [DEBUG] UserManagerImpl has been loaded. (took 1ms)
[23-01-19 12:09:30] [INFO] [DEBUG] Starting load of GuiListener at 1674101370678
[23-01-19 12:09:30] [INFO] [DEBUG] GuiListener has been loaded. (took 0ms)
[23-01-19 12:09:30] [INFO] [DEBUG] Starting load of KitManagerImpl at 1674101370678
[23-01-19 12:09:30] [INFO] KitManagerImpl: Loaded 2 kit(s).
[23-01-19 12:09:30] [INFO] [DEBUG] KitManagerImpl has been loaded. (took 84ms)
[23-01-19 12:09:30] [INFO] [DEBUG] Starting load of ArenaManagerImpl at 1674101370762
[23-01-19 12:09:30] [INFO] ArenaManagerImpl: Loaded 1 arena(s).
[23-01-19 12:09:30] [INFO] [DEBUG] ArenaManagerImpl has been loaded. (took 10ms)
[23-01-19 12:09:30] [INFO] [DEBUG] Starting load of SettingsManager at 1674101370772
[23-01-19 12:09:30] [INFO] [DEBUG] SettingsManager has been loaded. (took 0ms)
[23-01-19 12:09:30] [INFO] [DEBUG] Starting load of PlayerInfoManager at 1674101370772
[23-01-19 12:09:30] [WARNING] PlayerInfoManager: Lobby location was not set, using world's spawn location as default. Use the command /duels setlobby in-game to set the lobby location.
[23-01-19 12:09:30] [INFO] [DEBUG] PlayerInfoManager has been loaded. (took 1ms)
[23-01-19 12:09:30] [INFO] [DEBUG] Starting load of SpectateManagerImpl at 1674101370773
[23-01-19 12:09:30] [INFO] [DEBUG] SpectateManagerImpl has been loaded. (took 0ms)
[23-01-19 12:09:30] [INFO] [DEBUG] Starting load of BettingManager at 1674101370773
[23-01-19 12:09:30] [INFO] BettingManager: Vault was not found! Money betting feature will be automatically disabled.
[23-01-19 12:09:30] [INFO] [DEBUG] BettingManager has been loaded. (took 0ms)
[23-01-19 12:09:30] [INFO] [DEBUG] Starting load of InventoryManager at 1674101370773
[23-01-19 12:09:30] [INFO] [DEBUG] InventoryManager has been loaded. (took 0ms)
[23-01-19 12:09:30] [INFO] [DEBUG] Starting load of DuelManager at 1674101370773
[23-01-19 12:09:30] [INFO] [DEBUG] DuelManager has been loaded. (took 0ms)
[23-01-19 12:09:30] [INFO] [DEBUG] Starting load of QueueManager at 1674101370774
[23-01-19 12:09:30] [INFO] QueueManager: Loaded 2 queue(s).
[23-01-19 12:09:30] [INFO] [DEBUG] QueueManager has been loaded. (took 4ms)
[23-01-19 12:09:30] [INFO] [DEBUG] Starting load of QueueSignManagerImpl at 1674101370778
[23-01-19 12:09:30] [INFO] QueueSignManagerImpl: Loaded 2 queue sign(s).
[23-01-19 12:09:30] [INFO] [DEBUG] QueueSignManagerImpl has been loaded. (took 7ms)
[23-01-19 12:09:30] [INFO] [DEBUG] Starting load of RequestManager at 1674101370785
[23-01-19 12:09:30] [INFO] [DEBUG] RequestManager has been loaded. (took 0ms)
[23-01-19 12:09:30] [INFO] [DEBUG] Starting load of Teleport at 1674101370785
[23-01-19 12:09:30] [INFO] [DEBUG] Teleport has been loaded. (took 0ms)
[23-01-19 12:09:30] [INFO] [DEBUG] Starting load of ExtensionManager at 1674101370785
[23-01-19 12:09:30] [INFO] [DEBUG] ExtensionManager has been loaded. (took 0ms)
[23-01-19 12:09:31] [INFO] No updates were available. You are on the latest version!
[23-01-19 12:29:38] [INFO] [DEBUG] onDisable start -> 1674102578605

[23-01-19 12:29:38] [INFO] [DEBUG] Starting unload of ExtensionManager at 1674102578608
[23-01-19 12:29:38] [INFO] [DEBUG] ExtensionManager has been unloaded. (took 0ms)
[23-01-19 12:29:38] [INFO] [DEBUG] Starting unload of Teleport at 1674102578608
[23-01-19 12:29:38] [INFO] [DEBUG] Teleport has been unloaded. (took 0ms)
[23-01-19 12:29:38] [INFO] [DEBUG] Starting unload of RequestManager at 1674102578608
[23-01-19 12:29:38] [INFO] [DEBUG] RequestManager has been unloaded. (took 0ms)
[23-01-19 12:29:38] [INFO] [DEBUG] Starting unload of QueueSignManagerImpl at 1674102578608
[23-01-19 12:29:38] [INFO] [DEBUG] QueueSignManagerImpl has been unloaded. (took 0ms)
[23-01-19 12:29:38] [INFO] [DEBUG] Starting unload of QueueManager at 1674102578608
[23-01-19 12:29:38] [INFO] [DEBUG] QueueManager has been unloaded. (took 0ms)
[23-01-19 12:29:38] [INFO] [DEBUG] Starting unload of DuelManager at 1674102578608
[23-01-19 12:29:38] [INFO] [DEBUG] DuelManager has been unloaded. (took 0ms)
[23-01-19 12:29:38] [INFO] [DEBUG] Starting unload of InventoryManager at 1674102578608
[23-01-19 12:29:38] [INFO] [DEBUG] InventoryManager has been unloaded. (took 0ms)
[23-01-19 12:29:38] [INFO] [DEBUG] Starting unload of BettingManager at 1674102578608
[23-01-19 12:29:38] [INFO] [DEBUG] BettingManager has been unloaded. (took 0ms)
[23-01-19 12:29:38] [INFO] [DEBUG] Starting unload of SpectateManagerImpl at 1674102578608
[23-01-19 12:29:38] [INFO] [DEBUG] SpectateManagerImpl has been unloaded. (took 0ms)
[23-01-19 12:29:38] [INFO] [DEBUG] Starting unload of PlayerInfoManager at 1674102578609
[23-01-19 12:29:38] [INFO] [DEBUG] PlayerInfoManager has been unloaded. (took 0ms)
[23-01-19 12:29:38] [INFO] [DEBUG] Starting unload of SettingsManager at 1674102578609
[23-01-19 12:29:38] [INFO] [DEBUG] SettingsManager has been unloaded. (took 0ms)
[23-01-19 12:29:38] [INFO] [DEBUG] Starting unload of ArenaManagerImpl at 1674102578609
[23-01-19 12:29:38] [INFO] [DEBUG] ArenaManagerImpl has been unloaded. (took 0ms)
[23-01-19 12:29:38] [INFO] [DEBUG] Starting unload of KitManagerImpl at 1674102578609
[23-01-19 12:29:38] [INFO] [DEBUG] KitManagerImpl has been unloaded. (took 0ms)
[23-01-19 12:29:38] [INFO] [DEBUG] Starting unload of GuiListener at 1674102578609
[23-01-19 12:29:38] [INFO] [DEBUG] GuiListener has been unloaded. (took 1ms)
[23-01-19 12:29:38] [INFO] [DEBUG] Starting unload of UserManagerImpl at 1674102578610
[23-01-19 12:29:38] [INFO] [DEBUG] UserManagerImpl has been unloaded. (took 0ms)
[23-01-19 12:29:38] [INFO] [DEBUG] Starting unload of Lang at 1674102578610
[23-01-19 12:29:38] [INFO] [DEBUG] Lang has been unloaded. (took 0ms)
[23-01-19 12:29:38] [INFO] [DEBUG] Starting unload of Config at 1674102578610
[23-01-19 12:29:38] [INFO] [DEBUG] Config has been unloaded. (took 0ms)
[23-01-19 12:29:38] [INFO] [DEBUG] unload done (took 5ms)
[23-01-19 12:29:38] [INFO] [DEBUG] Log#clearSources done (took 0ms)
[23-01-19 21:46:04] [INFO] [DEBUG] onEnable start -> 1674135964228

[23-01-19 21:46:04] [INFO] [DEBUG] Starting load of Config at 1674135964281
[23-01-19 21:46:04] [INFO] [DEBUG] Config has been loaded. (took 9ms)
[23-01-19 21:46:04] [INFO] [DEBUG] Starting load of Lang at 1674135964290
[23-01-19 21:46:04] [INFO] [DEBUG] Lang has been loaded. (took 18ms)
[23-01-19 21:46:04] [INFO] [DEBUG] Starting load of UserManagerImpl at 1674135964308
[23-01-19 21:46:04] [INFO] [DEBUG] UserManagerImpl has been loaded. (took 0ms)
[23-01-19 21:46:04] [INFO] [DEBUG] Starting load of GuiListener at 1674135964309
[23-01-19 21:46:04] [INFO] [DEBUG] GuiListener has been loaded. (took 0ms)
[23-01-19 21:46:04] [INFO] [DEBUG] Starting load of KitManagerImpl at 1674135964309
[23-01-19 21:46:04] [INFO] KitManagerImpl: Loaded 2 kit(s).
[23-01-19 21:46:04] [INFO] [DEBUG] KitManagerImpl has been loaded. (took 92ms)
[23-01-19 21:46:04] [INFO] [DEBUG] Starting load of ArenaManagerImpl at 1674135964401
[23-01-19 21:46:04] [INFO] ArenaManagerImpl: Loaded 1 arena(s).
[23-01-19 21:46:04] [INFO] [DEBUG] ArenaManagerImpl has been loaded. (took 11ms)
[23-01-19 21:46:04] [INFO] [DEBUG] Starting load of SettingsManager at 1674135964412
[23-01-19 21:46:04] [INFO] [DEBUG] SettingsManager has been loaded. (took 0ms)
[23-01-19 21:46:04] [INFO] [DEBUG] Starting load of PlayerInfoManager at 1674135964412
[23-01-19 21:46:04] [WARNING] PlayerInfoManager: Lobby location was not set, using world's spawn location as default. Use the command /duels setlobby in-game to set the lobby location.
[23-01-19 21:46:04] [INFO] [DEBUG] PlayerInfoManager has been loaded. (took 1ms)
[23-01-19 21:46:04] [INFO] [DEBUG] Starting load of SpectateManagerImpl at 1674135964413
[23-01-19 21:46:04] [INFO] [DEBUG] SpectateManagerImpl has been loaded. (took 0ms)
[23-01-19 21:46:04] [INFO] [DEBUG] Starting load of BettingManager at 1674135964413
[23-01-19 21:46:04] [INFO] BettingManager: Vault was not found! Money betting feature will be automatically disabled.
[23-01-19 21:46:04] [INFO] [DEBUG] BettingManager has been loaded. (took 0ms)
[23-01-19 21:46:04] [INFO] [DEBUG] Starting load of InventoryManager at 1674135964413
[23-01-19 21:46:04] [INFO] [DEBUG] InventoryManager has been loaded. (took 1ms)
[23-01-19 21:46:04] [INFO] [DEBUG] Starting load of DuelManager at 1674135964414
[23-01-19 21:46:04] [INFO] [DEBUG] DuelManager has been loaded. (took 0ms)
[23-01-19 21:46:04] [INFO] [DEBUG] Starting load of QueueManager at 1674135964414
[23-01-19 21:46:04] [INFO] QueueManager: Loaded 2 queue(s).
[23-01-19 21:46:04] [INFO] [DEBUG] QueueManager has been loaded. (took 5ms)
[23-01-19 21:46:04] [INFO] [DEBUG] Starting load of QueueSignManagerImpl at 1674135964420
[23-01-19 21:46:04] [INFO] QueueSignManagerImpl: Loaded 2 queue sign(s).
[23-01-19 21:46:04] [INFO] [DEBUG] QueueSignManagerImpl has been loaded. (took 6ms)
[23-01-19 21:46:04] [INFO] [DEBUG] Starting load of RequestManager at 1674135964426
[23-01-19 21:46:04] [INFO] [DEBUG] RequestManager has been loaded. (took 0ms)
[23-01-19 21:46:04] [INFO] [DEBUG] Starting load of Teleport at 1674135964426
[23-01-19 21:46:04] [INFO] [DEBUG] Teleport has been loaded. (took 1ms)
[23-01-19 21:46:04] [INFO] [DEBUG] Starting load of ExtensionManager at 1674135964427
[23-01-19 21:46:04] [INFO] [DEBUG] ExtensionManager has been loaded. (took 0ms)
[23-01-19 21:46:05] [INFO] No updates were available. You are on the latest version!
[23-01-19 22:32:28] [INFO] [DEBUG] onDisable start -> 1674138748289

[23-01-19 22:32:28] [INFO] [DEBUG] Starting unload of ExtensionManager at 1674138748291
[23-01-19 22:32:28] [INFO] [DEBUG] ExtensionManager has been unloaded. (took 0ms)
[23-01-19 22:32:28] [INFO] [DEBUG] Starting unload of Teleport at 1674138748291
[23-01-19 22:32:28] [INFO] [DEBUG] Teleport has been unloaded. (took 0ms)
[23-01-19 22:32:28] [INFO] [DEBUG] Starting unload of RequestManager at 1674138748291
[23-01-19 22:32:28] [INFO] [DEBUG] RequestManager has been unloaded. (took 0ms)
[23-01-19 22:32:28] [INFO] [DEBUG] Starting unload of QueueSignManagerImpl at 1674138748291
[23-01-19 22:32:28] [INFO] [DEBUG] QueueSignManagerImpl has been unloaded. (took 0ms)
[23-01-19 22:32:28] [INFO] [DEBUG] Starting unload of QueueManager at 1674138748291
[23-01-19 22:32:28] [INFO] [DEBUG] QueueManager has been unloaded. (took 0ms)
[23-01-19 22:32:28] [INFO] [DEBUG] Starting unload of DuelManager at 1674138748291
[23-01-19 22:32:28] [INFO] [DEBUG] DuelManager has been unloaded. (took 0ms)
[23-01-19 22:32:28] [INFO] [DEBUG] Starting unload of InventoryManager at 1674138748291
[23-01-19 22:32:28] [INFO] [DEBUG] InventoryManager has been unloaded. (took 0ms)
[23-01-19 22:32:28] [INFO] [DEBUG] Starting unload of BettingManager at 1674138748291
[23-01-19 22:32:28] [INFO] [DEBUG] BettingManager has been unloaded. (took 0ms)
[23-01-19 22:32:28] [INFO] [DEBUG] Starting unload of SpectateManagerImpl at 1674138748291
[23-01-19 22:32:28] [INFO] [DEBUG] SpectateManagerImpl has been unloaded. (took 0ms)
[23-01-19 22:32:28] [INFO] [DEBUG] Starting unload of PlayerInfoManager at 1674138748291
[23-01-19 22:32:28] [INFO] [DEBUG] PlayerInfoManager has been unloaded. (took 1ms)
[23-01-19 22:32:28] [INFO] [DEBUG] Starting unload of SettingsManager at 1674138748292
[23-01-19 22:32:28] [INFO] [DEBUG] SettingsManager has been unloaded. (took 0ms)
[23-01-19 22:32:28] [INFO] [DEBUG] Starting unload of ArenaManagerImpl at 1674138748292
[23-01-19 22:32:28] [INFO] [DEBUG] ArenaManagerImpl has been unloaded. (took 0ms)
[23-01-19 22:32:28] [INFO] [DEBUG] Starting unload of KitManagerImpl at 1674138748292
[23-01-19 22:32:28] [INFO] [DEBUG] KitManagerImpl has been unloaded. (took 0ms)
[23-01-19 22:32:28] [INFO] [DEBUG] Starting unload of GuiListener at 1674138748293
[23-01-19 22:32:28] [INFO] [DEBUG] GuiListener has been unloaded. (took 0ms)
[23-01-19 22:32:28] [INFO] [DEBUG] Starting unload of UserManagerImpl at 1674138748293
[23-01-19 22:32:28] [INFO] [DEBUG] UserManagerImpl has been unloaded. (took 0ms)
[23-01-19 22:32:28] [INFO] [DEBUG] Starting unload of Lang at 1674138748293
[23-01-19 22:32:28] [INFO] [DEBUG] Lang has been unloaded. (took 0ms)
[23-01-19 22:32:28] [INFO] [DEBUG] Starting unload of Config at 1674138748293
[23-01-19 22:32:28] [INFO] [DEBUG] Config has been unloaded. (took 0ms)
[23-01-19 22:32:28] [INFO] [DEBUG] unload done (took 4ms)
[23-01-19 22:32:28] [INFO] [DEBUG] Log#clearSources done (took 0ms)
